#
# A fatal error has been detected by the Java Runtime Environment:
#
#  SIGSEGV (0xb) at pc=0x00007f6e508eafe0, pid=3770, tid=0x00007f6e51e79700
#
# JRE version: OpenJDK Runtime Environment (8.0_102-b14) (build 1.8.0_102-b14)
# Java VM: OpenJDK 64-Bit Server VM (25.102-b14 mixed mode linux-amd64 compressed oops)
# Problematic frame:
# V  [libjvm.so+0x787fe0]
#
# Core dump written. Default location: /home/ray/IdeaProjects/BAG - Byzantine fault-tolerant Architecture for Graph database/core or core.3770
#
# If you would like to submit a bug report, please visit:
#   http://bugreport.java.com/bugreport/crash.jsp
#

---------------  T H R E A D  ---------------

Current thread (0x00007f6e4800d800):  JavaThread "main" [_thread_in_vm, id=3772, stack(0x00007f6e51d79000,0x00007f6e51e7a000)]

siginfo: si_signo: 11 (SIGSEGV), si_code: 1 (SEGV_MAPERR), si_addr: 0x000000000000000d

Registers:
RAX=0x0000000000000005, RBX=0x00007f6e4800d800, RCX=0x00007f6e48f9dba8, RDX=0x00007f6e51088f49
RSP=0x00007f6e51e78350, RBP=0x00007f6e51e783b0, RSI=0x0000000000000006, RDI=0x00007f6e4800ef00
R8 =0x00007f6e51d21330, R9 =0x00007f6e51d22950, R10=0x0000000000000008, R11=0x00007f6e48f9db80
R12=0x00007f6e04b1aeb8, R13=0x00007f6e4800d800, R14=0x0000000000000006, R15=0x00007f6e4800d800
RIP=0x00007f6e508eafe0, EFLAGS=0x0000000000010202, CSGSFS=0x0000000000000033, ERR=0x0000000000000004
  TRAPNO=0x000000000000000e

Top of Stack: (sp=0x00007f6e51e78350)
0x00007f6e51e78350:   00007f6e51e78418 00007f6e51d21330
0x00007f6e51e78360:   00007f6e51e784c0 00000001003717a0
0x00007f6e51e78370:   0000000100000ea8 00007f6e4800df90
0x00007f6e51e78380:   0000000000000008 00007f6e51e784c0
0x00007f6e51e78390:   000000000000000d 00007f6e4800d800
0x00007f6e51e783a0:   00007f6e4800df90 00007f6e51e783c0
0x00007f6e51e783b0:   00007f6e51e78410 00007f6e508ed49b
0x00007f6e51e783c0:   00007f6e04b1aeb8 00007f6e4800d800
0x00007f6e51e783d0:   00007f6e50fccbb8 14f41ddf96563000
0x00007f6e51e783e0:   0000000000000002 00007f6e4800d800
0x00007f6e51e783f0:   00007f6e51e78490 00007f6e51e784c0
0x00007f6e51e78400:   00007f6e4800ef00 0000000000000000
0x00007f6e51e78410:   00007f6e51e78540 00007f6e507bb34d
0x00007f6e51e78420:   00007f6e51e78460 00000000000003d8
0x00007f6e51e78430:   00007f6e51e78470 00007f6e4800d158
0x00007f6e51e78440:   00007f6e4800cd80 00007f6e51e78480
0x00007f6e51e78450:   000000b600000005 00007f6e4800df90
0x00007f6e51e78460:   00007f6e4800d800 00007f6e390201a0
0x00007f6e51e78470:   00007f6e04b1bc90 00007f6e4800d800
0x00007f6e51e78480:   00007f6e04b1aeb8 00007f6e4800d800
0x00007f6e51e78490:   00007f6e04b1aeb8 00007f6e4800d800
0x00007f6e51e784a0:   00007f6e39005310 00007f6e00000000
0x00007f6e51e784b0:   00007f6e51e785b8 00007f6e51e78560
0x00007f6e51e784c0:   0000000000000000 0000000000000000
0x00007f6e51e784d0:   0000000000000000 0000000000000000
0x00007f6e51e784e0:   0000000000000000 0000000000000000
0x00007f6e51e784f0:   00007f6e390161bb 0000000000000000
0x00007f6e51e78500:   0000000000000000 14f41ddf96563000
0x00007f6e51e78510:   0000000000000005 00000000000000b6
0x00007f6e51e78520:   0000000000000000 00007f6e04b1ba59
0x00007f6e51e78530:   00007f6e51e785f8 00007f6e4800d800
0x00007f6e51e78540:   00007f6e51e785b8 00007f6e39030dfa 

Instructions: (pc=0x00007f6e508eafe0)
0x00007f6e508eafc0:   48 8b 45 c8 48 85 c0 0f 84 ac 02 00 00 48 8d 15
0x00007f6e508eafd0:   75 df 79 00 48 8b 00 80 3a 00 0f 84 60 02 00 00
0x00007f6e508eafe0:   8b 50 08 48 8d 05 96 ff 77 00 48 8b 75 c8 8b 48
0x00007f6e508eaff0:   08 48 d3 e2 48 03 10 48 8b 4d c0 48 8b 7d b0 41 

Register to memory mapping:

RAX=0x0000000000000005 is an unknown value
RBX=0x00007f6e4800d800 is a thread
RCX=0x00007f6e48f9dba8 is an unknown value
RDX=0x00007f6e51088f49: <offset 0xf25f49> in /usr/lib/jvm/java-8-openjdk/jre/lib/amd64/server/libjvm.so at 0x00007f6e50163000
RSP=0x00007f6e51e78350 is pointing into the stack for thread: 0x00007f6e4800d800
RBP=0x00007f6e51e783b0 is pointing into the stack for thread: 0x00007f6e4800d800
RSI=0x0000000000000006 is an unknown value
RDI=0x00007f6e4800ef00 is an unknown value
R8 =0x00007f6e51d21330 is an unknown value
R9 =0x00007f6e51d22950 is an unknown value
R10=0x0000000000000008 is an unknown value
R11=0x00007f6e48f9db80 is an unknown value
R12=0x00007f6e04b1aeb8 is pointing into metadata
R13=0x00007f6e4800d800 is a thread
R14=0x0000000000000006 is an unknown value
R15=0x00007f6e4800d800 is a thread


Stack: [0x00007f6e51d79000,0x00007f6e51e7a000],  sp=0x00007f6e51e78350,  free space=1020k
Native frames: (J=compiled Java code, j=interpreted, Vv=VM code, C=native code)
V  [libjvm.so+0x787fe0]
V  [libjvm.so+0x78a49b]
V  [libjvm.so+0x65834d]
j  com.esotericsoftware.kryo.serializers.ObjectField.write(Lcom/esotericsoftware/kryo/io/Output;Ljava/lang/Object;)V+97
j  com.esotericsoftware.kryo.serializers.FieldSerializer.write(Lcom/esotericsoftware/kryo/Kryo;Lcom/esotericsoftware/kryo/io/Output;Ljava/lang/Object;)V+114
j  com.esotericsoftware.kryo.Kryo.writeObject(Lcom/esotericsoftware/kryo/io/Output;Ljava/lang/Object;Lcom/esotericsoftware/kryo/Serializer;)V+125
j  com.esotericsoftware.kryo.serializers.MapSerializer.write(Lcom/esotericsoftware/kryo/Kryo;Lcom/esotericsoftware/kryo/io/Output;Ljava/util/Map;)V+157
j  com.esotericsoftware.kryo.serializers.MapSerializer.write(Lcom/esotericsoftware/kryo/Kryo;Lcom/esotericsoftware/kryo/io/Output;Ljava/lang/Object;)V+7
j  com.esotericsoftware.kryo.Kryo.writeClassAndObject(Lcom/esotericsoftware/kryo/io/Output;Ljava/lang/Object;)V+150
j  main.java.com.bag.client.TestClient.commit()V+136
j  main.java.com.bag.client.TestClient.initClient()V+177
j  main.java.com.bag.client.TestClient.<init>(I)V+33
j  main.java.com.bag.main.RunTests.main([Ljava/lang/String;)V+39
v  ~StubRoutines::call_stub
V  [libjvm.so+0x660fe3]
V  [libjvm.so+0x67eec7]
V  [libjvm.so+0x682b79]
C  [libjli.so+0x330a]
C  [libpthread.so.0+0x7454]  start_thread+0xc4

Java frames: (J=compiled Java code, j=interpreted, Vv=VM code)
j  com.esotericsoftware.kryo.serializers.ObjectField.write(Lcom/esotericsoftware/kryo/io/Output;Ljava/lang/Object;)V+97
j  com.esotericsoftware.kryo.serializers.FieldSerializer.write(Lcom/esotericsoftware/kryo/Kryo;Lcom/esotericsoftware/kryo/io/Output;Ljava/lang/Object;)V+114
j  com.esotericsoftware.kryo.Kryo.writeObject(Lcom/esotericsoftware/kryo/io/Output;Ljava/lang/Object;Lcom/esotericsoftware/kryo/Serializer;)V+125
j  com.esotericsoftware.kryo.serializers.MapSerializer.write(Lcom/esotericsoftware/kryo/Kryo;Lcom/esotericsoftware/kryo/io/Output;Ljava/util/Map;)V+157
j  com.esotericsoftware.kryo.serializers.MapSerializer.write(Lcom/esotericsoftware/kryo/Kryo;Lcom/esotericsoftware/kryo/io/Output;Ljava/lang/Object;)V+7
j  com.esotericsoftware.kryo.Kryo.writeClassAndObject(Lcom/esotericsoftware/kryo/io/Output;Ljava/lang/Object;)V+150
j  main.java.com.bag.client.TestClient.commit()V+136
j  main.java.com.bag.client.TestClient.initClient()V+177
j  main.java.com.bag.client.TestClient.<init>(I)V+33
j  main.java.com.bag.main.RunTests.main([Ljava/lang/String;)V+39
v  ~StubRoutines::call_stub

---------------  P R O C E S S  ---------------

Java Threads: ( => current thread )
  0x00007f6e49219800 JavaThread "nioEventLoopGroup-2-4" [_thread_in_native, id=3822, stack(0x00007f6e04cc3000,0x00007f6e04dc4000)]
  0x00007f6e49217800 JavaThread "nioEventLoopGroup-2-3" [_thread_in_native, id=3820, stack(0x00007f6e04dc4000,0x00007f6e04ec5000)]
  0x00007f6e49216800 JavaThread "nioEventLoopGroup-2-2" [_thread_in_native, id=3818, stack(0x00007f6e04ec5000,0x00007f6e04fc6000)]
  0x00007f6e49212000 JavaThread "nioEventLoopGroup-2-1" [_thread_in_native, id=3816, stack(0x00007f6e04fc6000,0x00007f6e050c7000)]
  0x00007f6e4906f800 JavaThread "neo4j.PauseMonitor" daemon [_thread_blocked, id=3814, stack(0x00007f6e0591b000,0x00007f6e05a1c000)]
  0x00007f6e4904c800 JavaThread "New I/O server boss #4" daemon [_thread_in_native, id=3813, stack(0x00007f6e05a1c000,0x00007f6e05b1d000)]
  0x00007f6e48fee800 JavaThread "New I/O worker #3" daemon [_thread_in_native, id=3812, stack(0x00007f6e05b1d000,0x00007f6e05c1e000)]
  0x00007f6e48fed800 JavaThread "New I/O worker #2" daemon [_thread_in_native, id=3811, stack(0x00007f6e05c1e000,0x00007f6e05d1f000)]
  0x00007f6e48fec800 JavaThread "New I/O worker #1" daemon [_thread_in_native, id=3810, stack(0x00007f6e05d1f000,0x00007f6e05e20000)]
  0x00007f6e48fdb000 JavaThread "Silent channel reaper-1" [_thread_blocked, id=3809, stack(0x00007f6e05e20000,0x00007f6e05f21000)]
  0x00007f6e48e9f000 JavaThread "neo4j.Scheduled-2" daemon [_thread_blocked, id=3808, stack(0x00007f6e06121000,0x00007f6e06222000)]
  0x00007f6e48cad000 JavaThread "MuninnPageCache[1]-EvictionTask" daemon [_thread_blocked, id=3807, stack(0x00007f6e066a3000,0x00007f6e067a4000)]
  0x00007f6e48c9e800 JavaThread "neo4j.Scheduled-1" daemon [_thread_blocked, id=3806, stack(0x00007f6e069a4000,0x00007f6e06aa5000)]
  0x00007f6e48c3f800 JavaThread "Neo4j UDC Timer" daemon [_thread_blocked, id=3804, stack(0x00007f6e06aa5000,0x00007f6e06ba6000)]
  0x00007f6e48990800 JavaThread "Service Thread" daemon [_thread_blocked, id=3792, stack(0x00007f6e07cfd000,0x00007f6e07dfe000)]
  0x00007f6e4898d000 JavaThread "C1 CompilerThread2" daemon [_thread_blocked, id=3791, stack(0x00007f6e07dfe000,0x00007f6e07eff000)]
  0x00007f6e48987800 JavaThread "C2 CompilerThread1" daemon [_thread_blocked, id=3790, stack(0x00007f6e07eff000,0x00007f6e08000000)]
  0x00007f6e48986000 JavaThread "C2 CompilerThread0" daemon [_thread_blocked, id=3789, stack(0x00007f6e34084000,0x00007f6e34185000)]
  0x00007f6e14001000 JavaThread "JDWP Command Reader" daemon [_thread_in_native, id=3788, stack(0x00007f6e34975000,0x00007f6e34a76000)]
  0x00007f6e481a0000 JavaThread "JDWP Event Helper Thread" daemon [_thread_blocked, id=3787, stack(0x00007f6e34a76000,0x00007f6e34b77000)]
  0x00007f6e4819c800 JavaThread "JDWP Transport Listener: dt_socket" daemon [_thread_blocked, id=3784, stack(0x00007f6e34b77000,0x00007f6e34c78000)]
  0x00007f6e4818a000 JavaThread "Signal Dispatcher" daemon [_thread_blocked, id=3783, stack(0x00007f6e34e7c000,0x00007f6e34f7d000)]
  0x00007f6e48158000 JavaThread "Finalizer" daemon [_thread_blocked, id=3780, stack(0x00007f6e34f7d000,0x00007f6e3507e000)]
  0x00007f6e48153800 JavaThread "Reference Handler" daemon [_thread_blocked, id=3779, stack(0x00007f6e3507e000,0x00007f6e3517f000)]
=>0x00007f6e4800d800 JavaThread "main" [_thread_in_vm, id=3772, stack(0x00007f6e51d79000,0x00007f6e51e7a000)]

Other Threads:
  0x00007f6e4814c000 VMThread [stack: 0x00007f6e3517f000,0x00007f6e35280000] [id=3778]
  0x00007f6e48993000 WatcherThread [stack: 0x00007f6e07bfc000,0x00007f6e07cfd000] [id=3793]

VM state:not at safepoint (normal execution)

VM Mutex/Monitor currently owned by a thread: None

Heap:
 PSYoungGen      total 68608K, used 38466K [0x00000000d7000000, 0x00000000e1800000, 0x0000000100000000)
  eden space 63488K, 60% used [0x00000000d7000000,0x00000000d9590ac8,0x00000000dae00000)
  from space 5120K, 0% used [0x00000000dae00000,0x00000000dae00000,0x00000000db300000)
  to   space 22528K, 0% used [0x00000000e0200000,0x00000000e0200000,0x00000000e1800000)
 ParOldGen       total 97280K, used 32375K [0x0000000085000000, 0x000000008af00000, 0x00000000d7000000)
  object space 97280K, 33% used [0x0000000085000000,0x0000000086f9dd30,0x000000008af00000)
 Metaspace       used 25761K, capacity 26422K, committed 26752K, reserved 1073152K
  class space    used 3419K, capacity 3589K, committed 3712K, reserved 1048576K

Card table byte_map: [0x00007f6e4e488000,0x00007f6e4e861000] byte_map_base: 0x00007f6e4e060000

Marking Bits: (ParMarkBitMap*) 0x00007f6e51092860
 Begin Bits: [0x00007f6e35280000, 0x00007f6e37140000)
 End Bits:   [0x00007f6e37140000, 0x00007f6e39000000)

Polling page: 0x00007f6e51eb0000

CodeCache: size=245760Kb used=5988Kb max_used=6063Kb free=239771Kb
 bounds [0x00007f6e39000000, 0x00007f6e39600000, 0x00007f6e48000000]
 total_blobs=2117 nmethods=1629 adapters=410
 compilation: enabled

Compilation events (10 events):
Event: 4.962 Thread 0x00007f6e4898d000 nmethod 1629 0x00007f6e395a8fd0 code [0x00007f6e395a91c0, 0x00007f6e395a98e8]
Event: 5.519 Thread 0x00007f6e48987800 nmethod 1509 0x00007f6e395c81d0 code [0x00007f6e395c8e60, 0x00007f6e395d82a8]
Event: 11.780 Thread 0x00007f6e4898d000 1631       3       java.lang.StringBuilder::append (8 bytes)
Event: 11.780 Thread 0x00007f6e4898d000 nmethod 1631 0x00007f6e395a8c10 code [0x00007f6e395a8d80, 0x00007f6e395a8f28]
Event: 11.780 Thread 0x00007f6e4898d000 1630       1       java.util.concurrent.locks.AbstractOwnableSynchronizer::getExclusiveOwnerThread (5 bytes)
Event: 11.780 Thread 0x00007f6e4898d000 nmethod 1630 0x00007f6e39123790 code [0x00007f6e391238e0, 0x00007f6e391239f0]
Event: 11.845 Thread 0x00007f6e4898d000 1632       3       java.util.concurrent.locks.AbstractQueuedSynchronizer::compareAndSetState (13 bytes)
Event: 11.845 Thread 0x00007f6e4898d000 nmethod 1632 0x00007f6e39100a50 code [0x00007f6e39100ba0, 0x00007f6e39100d10]
Event: 11.845 Thread 0x00007f6e4898d000 1633       1       java.util.concurrent.atomic.AtomicInteger::get (5 bytes)
Event: 11.845 Thread 0x00007f6e4898d000 nmethod 1633 0x00007f6e39102f90 code [0x00007f6e391030e0, 0x00007f6e391031f0]

GC Heap History (10 events):
Event: 2.125 GC heap before
{Heap before GC invocations=2 (full 0):
 PSYoungGen      total 36864K, used 36842K [0x00000000d7000000, 0x00000000d9900000, 0x0000000100000000)
  eden space 31744K, 100% used [0x00000000d7000000,0x00000000d8f00000,0x00000000d8f00000)
  from space 5120K, 99% used [0x00000000d8f00000,0x00000000d93fa930,0x00000000d9400000)
  to   space 5120K, 0% used [0x00000000d9400000,0x00000000d9400000,0x00000000d9900000)
 ParOldGen       total 84992K, used 4963K [0x0000000085000000, 0x000000008a300000, 0x00000000d7000000)
  object space 84992K, 5% used [0x0000000085000000,0x00000000854d8db8,0x000000008a300000)
 Metaspace       used 8475K, capacity 8824K, committed 8960K, reserved 1056768K
  class space    used 1068K, capacity 1170K, committed 1280K, reserved 1048576K
Event: 2.163 GC heap after
Heap after GC invocations=2 (full 0):
 PSYoungGen      total 36864K, used 5114K [0x00000000d7000000, 0x00000000db800000, 0x0000000100000000)
  eden space 31744K, 0% used [0x00000000d7000000,0x00000000d7000000,0x00000000d8f00000)
  from space 5120K, 99% used [0x00000000d9400000,0x00000000d98fe940,0x00000000d9900000)
  to   space 5120K, 0% used [0x00000000d8f00000,0x00000000d8f00000,0x00000000d9400000)
 ParOldGen       total 84992K, used 22526K [0x0000000085000000, 0x000000008a300000, 0x00000000d7000000)
  object space 84992K, 26% used [0x0000000085000000,0x00000000865ff9d8,0x000000008a300000)
 Metaspace       used 8475K, capacity 8824K, committed 8960K, reserved 1056768K
  class space    used 1068K, capacity 1170K, committed 1280K, reserved 1048576K
}
Event: 2.937 GC heap before
{Heap before GC invocations=3 (full 0):
 PSYoungGen      total 36864K, used 36858K [0x00000000d7000000, 0x00000000db800000, 0x0000000100000000)
  eden space 31744K, 100% used [0x00000000d7000000,0x00000000d8f00000,0x00000000d8f00000)
  from space 5120K, 99% used [0x00000000d9400000,0x00000000d98fe940,0x00000000d9900000)
  to   space 5120K, 0% used [0x00000000d8f00000,0x00000000d8f00000,0x00000000d9400000)
 ParOldGen       total 84992K, used 22526K [0x0000000085000000, 0x000000008a300000, 0x00000000d7000000)
  object space 84992K, 26% used [0x0000000085000000,0x00000000865ff9d8,0x000000008a300000)
 Metaspace       used 12733K, capacity 13216K, committed 13312K, reserved 1060864K
  class space    used 1652K, capacity 1788K, committed 1792K, reserved 1048576K
Event: 2.952 GC heap after
Heap after GC invocations=3 (full 0):
 PSYoungGen      total 36864K, used 5114K [0x00000000d7000000, 0x00000000db800000, 0x0000000100000000)
  eden space 31744K, 0% used [0x00000000d7000000,0x00000000d7000000,0x00000000d8f00000)
  from space 5120K, 99% used [0x00000000d8f00000,0x00000000d93fe940,0x00000000d9400000)
  to   space 5120K, 0% used [0x00000000db300000,0x00000000db300000,0x00000000db800000)
 ParOldGen       total 84992K, used 25925K [0x0000000085000000, 0x000000008a300000, 0x00000000d7000000)
  object space 84992K, 30% used [0x0000000085000000,0x0000000086951590,0x000000008a300000)
 Metaspace       used 12733K, capacity 13216K, committed 13312K, reserved 1060864K
  class space    used 1652K, capacity 1788K, committed 1792K, reserved 1048576K
}
Event: 3.190 GC heap before
{Heap before GC invocations=4 (full 0):
 PSYoungGen      total 36864K, used 36858K [0x00000000d7000000, 0x00000000db800000, 0x0000000100000000)
  eden space 31744K, 100% used [0x00000000d7000000,0x00000000d8f00000,0x00000000d8f00000)
  from space 5120K, 99% used [0x00000000d8f00000,0x00000000d93fe940,0x00000000d9400000)
  to   space 5120K, 0% used [0x00000000db300000,0x00000000db300000,0x00000000db800000)
 ParOldGen       total 84992K, used 25925K [0x0000000085000000, 0x000000008a300000, 0x00000000d7000000)
  object space 84992K, 30% used [0x0000000085000000,0x0000000086951590,0x000000008a300000)
 Metaspace       used 15563K, capacity 16108K, committed 16256K, reserved 1062912K
  class space    used 2008K, capacity 2170K, committed 2176K, reserved 1048576K
Event: 3.201 GC heap after
Heap after GC invocations=4 (full 0):
 PSYoungGen      total 68608K, used 5114K [0x00000000d7000000, 0x00000000db800000, 0x0000000100000000)
  eden space 63488K, 0% used [0x00000000d7000000,0x00000000d7000000,0x00000000dae00000)
  from space 5120K, 99% used [0x00000000db300000,0x00000000db7fe960,0x00000000db800000)
  to   space 5120K, 0% used [0x00000000dae00000,0x00000000dae00000,0x00000000db300000)
 ParOldGen       total 84992K, used 28652K [0x0000000085000000, 0x000000008a300000, 0x00000000d7000000)
  object space 84992K, 33% used [0x0000000085000000,0x0000000086bfb338,0x000000008a300000)
 Metaspace       used 15563K, capacity 16108K, committed 16256K, reserved 1062912K
  class space    used 2008K, capacity 2170K, committed 2176K, reserved 1048576K
}
Event: 3.953 GC heap before
{Heap before GC invocations=5 (full 0):
 PSYoungGen      total 68608K, used 62889K [0x00000000d7000000, 0x00000000db800000, 0x0000000100000000)
  eden space 63488K, 91% used [0x00000000d7000000,0x00000000da86bc38,0x00000000dae00000)
  from space 5120K, 99% used [0x00000000db300000,0x00000000db7fe960,0x00000000db800000)
  to   space 5120K, 0% used [0x00000000dae00000,0x00000000dae00000,0x00000000db300000)
 ParOldGen       total 84992K, used 28652K [0x0000000085000000, 0x000000008a300000, 0x00000000d7000000)
  object space 84992K, 33% used [0x0000000085000000,0x0000000086bfb338,0x000000008a300000)
 Metaspace       used 20517K, capacity 21016K, committed 21248K, reserved 1067008K
  class space    used 2805K, capacity 2948K, committed 3072K, reserved 1048576K
Event: 3.965 GC heap after
Heap after GC invocations=5 (full 0):
 PSYoungGen      total 68608K, used 5114K [0x00000000d7000000, 0x00000000e1800000, 0x0000000100000000)
  eden space 63488K, 0% used [0x00000000d7000000,0x00000000d7000000,0x00000000dae00000)
  from space 5120K, 99% used [0x00000000dae00000,0x00000000db2fe960,0x00000000db300000)
  to   space 22528K, 0% used [0x00000000e0200000,0x00000000e0200000,0x00000000e1800000)
 ParOldGen       total 84992K, used 34354K [0x0000000085000000, 0x000000008a300000, 0x00000000d7000000)
  object space 84992K, 40% used [0x0000000085000000,0x000000008718cb70,0x000000008a300000)
 Metaspace       used 20517K, capacity 21016K, committed 21248K, reserved 1067008K
  class space    used 2805K, capacity 2948K, committed 3072K, reserved 1048576K
}
Event: 3.965 GC heap before
{Heap before GC invocations=6 (full 1):
 PSYoungGen      total 68608K, used 5114K [0x00000000d7000000, 0x00000000e1800000, 0x0000000100000000)
  eden space 63488K, 0% used [0x00000000d7000000,0x00000000d7000000,0x00000000dae00000)
  from space 5120K, 99% used [0x00000000dae00000,0x00000000db2fe960,0x00000000db300000)
  to   space 22528K, 0% used [0x00000000e0200000,0x00000000e0200000,0x00000000e1800000)
 ParOldGen       total 84992K, used 34354K [0x0000000085000000, 0x000000008a300000, 0x00000000d7000000)
  object space 84992K, 40% used [0x0000000085000000,0x000000008718cb70,0x000000008a300000)
 Metaspace       used 20517K, capacity 21016K, committed 21248K, reserved 1067008K
  class space    used 2805K, capacity 2948K, committed 3072K, reserved 1048576K
Event: 4.084 GC heap after
Heap after GC invocations=6 (full 1):
 PSYoungGen      total 68608K, used 0K [0x00000000d7000000, 0x00000000e1800000, 0x0000000100000000)
  eden space 63488K, 0% used [0x00000000d7000000,0x00000000d7000000,0x00000000dae00000)
  from space 5120K, 0% used [0x00000000dae00000,0x00000000dae00000,0x00000000db300000)
  to   space 22528K, 0% used [0x00000000e0200000,0x00000000e0200000,0x00000000e1800000)
 ParOldGen       total 97280K, used 32375K [0x0000000085000000, 0x000000008af00000, 0x00000000d7000000)
  object space 97280K, 33% used [0x0000000085000000,0x0000000086f9dd30,0x000000008af00000)
 Metaspace       used 20517K, capacity 21016K, committed 21248K, reserved 1067008K
  class space    used 2805K, capacity 2948K, committed 3072K, reserved 1048576K
}

Deoptimization events (10 events):
Event: 3.818 Thread 0x00007f6e4800d800 Uncommon trap: reason=unstable_if action=reinterpret pc=0x00007f6e392750e0 method=java.lang.String.lastIndexOf([CII[CIII)I @ 66
Event: 4.184 Thread 0x00007f6e4800d800 Uncommon trap: reason=unstable_if action=reinterpret pc=0x00007f6e3949d938 method=java.util.concurrent.ConcurrentHashMap.putVal(Ljava/lang/Object;Ljava/lang/Object;Z)Ljava/lang/Object; @ 181
Event: 4.279 Thread 0x00007f6e4800d800 Uncommon trap: reason=unstable_if action=reinterpret pc=0x00007f6e3954f9f4 method=sun.misc.MetaIndex.mayContain(Ljava/lang/String;)Z @ 38
Event: 4.329 Thread 0x00007f6e4800d800 Uncommon trap: reason=class_check action=maybe_recompile pc=0x00007f6e393e8604 method=java.util.HashMap.putVal(ILjava/lang/Object;Ljava/lang/Object;ZZ)Ljava/lang/Object; @ 203
Event: 4.329 Thread 0x00007f6e4800d800 Uncommon trap: reason=class_check action=maybe_recompile pc=0x00007f6e393e8604 method=java.util.HashMap.putVal(ILjava/lang/Object;Ljava/lang/Object;ZZ)Ljava/lang/Object; @ 203
Event: 4.329 Thread 0x00007f6e4800d800 Uncommon trap: reason=class_check action=maybe_recompile pc=0x00007f6e393e8604 method=java.util.HashMap.putVal(ILjava/lang/Object;Ljava/lang/Object;ZZ)Ljava/lang/Object; @ 203
Event: 4.347 Thread 0x00007f6e4800d800 Uncommon trap: reason=unstable_if action=reinterpret pc=0x00007f6e3946c410 method=java.lang.String.regionMatches(ZILjava/lang/String;II)Z @ 123
Event: 4.347 Thread 0x00007f6e4800d800 Uncommon trap: reason=unstable_if action=reinterpret pc=0x00007f6e394aac98 method=java.lang.String.regionMatches(ZILjava/lang/String;II)Z @ 123
Event: 4.349 Thread 0x00007f6e4800d800 Uncommon trap: reason=bimorphic action=maybe_recompile pc=0x00007f6e394cd270 method=java.net.URL.<init>(Ljava/net/URL;Ljava/lang/String;Ljava/net/URLStreamHandler;)V @ 504
Event: 4.522 Thread 0x00007f6e4800d800 Uncommon trap: reason=unstable_if action=reinterpret pc=0x00007f6e394ac3b0 method=java.util.HashMap.hash(Ljava/lang/Object;)I @ 1

Internal exceptions (10 events):
Event: 2.425 Thread 0x00007f6e4800d800 Exception <a 'java/lang/ArrayIndexOutOfBoundsException'> (0x00000000d794a398) thrown at [/build/java8-openjdk/src/jdk8u-jdk8u102-b14/hotspot/src/share/vm/runtime/sharedRuntime.cpp, line 605]
Event: 2.432 Thread 0x00007f6e4800d800 Exception <a 'java/lang/ArrayIndexOutOfBoundsException'> (0x00000000d79780b8) thrown at [/build/java8-openjdk/src/jdk8u-jdk8u102-b14/hotspot/src/share/vm/runtime/sharedRuntime.cpp, line 605]
Event: 2.435 Thread 0x00007f6e4800d800 Exception <a 'java/lang/ArrayIndexOutOfBoundsException'> (0x00000000d798cc90) thrown at [/build/java8-openjdk/src/jdk8u-jdk8u102-b14/hotspot/src/share/vm/runtime/sharedRuntime.cpp, line 605]
Event: 2.533 Thread 0x00007f6e4800d800 Exception <a 'java/lang/NoSuchMethodError': java.lang.Object.lambda$isEqual$3(Ljava/lang/Object;Ljava/lang/Object;)Z> (0x00000000d7da4690) thrown at [/build/java8-openjdk/src/jdk8u-jdk8u102-b14/hotspot/src/share/vm/interpreter/linkResolver.cpp, line 582]
Event: 3.110 Thread 0x00007f6e4800d800 Exception <a 'sun/nio/fs/UnixException'> (0x00000000d8336bd8) thrown at [/build/java8-openjdk/src/jdk8u-jdk8u102-b14/hotspot/src/share/vm/prims/jni.cpp, line 709]
Event: 3.110 Thread 0x00007f6e4800d800 Exception <a 'sun/nio/fs/UnixException'> (0x00000000d8338438) thrown at [/build/java8-openjdk/src/jdk8u-jdk8u102-b14/hotspot/src/share/vm/prims/jni.cpp, line 709]
Event: 3.262 Thread 0x00007f6e4800d800 Exception <a 'sun/nio/fs/UnixException'> (0x00000000d7cd5ef8) thrown at [/build/java8-openjdk/src/jdk8u-jdk8u102-b14/hotspot/src/share/vm/prims/jni.cpp, line 709]
Event: 3.263 Thread 0x00007f6e4800d800 Exception <a 'sun/nio/fs/UnixException'> (0x00000000d7cd6b28) thrown at [/build/java8-openjdk/src/jdk8u-jdk8u102-b14/hotspot/src/share/vm/prims/jni.cpp, line 709]
Event: 3.284 Thread 0x00007f6e4800d800 Exception <a 'java/lang/NoSuchMethodError': java.lang.Object.lambda$static$0(Lorg/neo4j/kernel/impl/transaction/log/LogVersionedStoreChannel;)Lorg/neo4j/kernel/impl/transaction/log/LogVersionedStoreChannel;> (0x00000000d7f7d548) thrown at [/build/java8-op
Event: 4.522 Thread 0x00007f6e4800d800 Implicit null exception at 0x00007f6e394ac318 to 0x00007f6e394ac3a6

Events (10 events):
Event: 12.627 Executing VM operation: ForceSafepoint
Event: 12.627 Executing VM operation: ForceSafepoint done
Event: 12.627 Executing VM operation: ForceSafepoint
Event: 12.627 Executing VM operation: ForceSafepoint done
Event: 12.628 Executing VM operation: ForceSafepoint
Event: 12.628 Executing VM operation: ForceSafepoint done
Event: 12.628 Executing VM operation: ForceSafepoint
Event: 12.629 Executing VM operation: ForceSafepoint done
Event: 17.603 loading class org/neo4j/kernel/impl/transaction/log/checkpoint/SimpleTriggerInfo
Event: 17.603 loading class org/neo4j/kernel/impl/transaction/log/checkpoint/SimpleTriggerInfo done


Dynamic libraries:
00400000-00401000 r-xp 00000000 08:03 9977282                            /usr/lib/jvm/java-8-openjdk/jre/bin/java
00600000-00601000 rw-p 00000000 08:03 9977282                            /usr/lib/jvm/java-8-openjdk/jre/bin/java
0235d000-0237e000 rw-p 00000000 00:00 0                                  [heap]
85000000-8af00000 rw-p 00000000 00:00 0 
8af00000-d7000000 ---p 00000000 00:00 0 
d7000000-e1800000 rw-p 00000000 00:00 0 
e1800000-100000000 ---p 00000000 00:00 0 
100000000-1003a0000 rw-p 00000000 00:00 0 
1003a0000-140000000 ---p 00000000 00:00 0 
7f6db8000000-7f6db8021000 rw-p 00000000 00:00 0 
7f6db8021000-7f6dbc000000 ---p 00000000 00:00 0 
7f6dbc000000-7f6dbc021000 rw-p 00000000 00:00 0 
7f6dbc021000-7f6dc0000000 ---p 00000000 00:00 0 
7f6dc0000000-7f6dc0021000 rw-p 00000000 00:00 0 
7f6dc0021000-7f6dc4000000 ---p 00000000 00:00 0 
7f6dc4000000-7f6dc4021000 rw-p 00000000 00:00 0 
7f6dc4021000-7f6dc8000000 ---p 00000000 00:00 0 
7f6dc8000000-7f6dc8021000 rw-p 00000000 00:00 0 
7f6dc8021000-7f6dcc000000 ---p 00000000 00:00 0 
7f6dcc000000-7f6dcc021000 rw-p 00000000 00:00 0 
7f6dcc021000-7f6dd0000000 ---p 00000000 00:00 0 
7f6dd0000000-7f6dd0021000 rw-p 00000000 00:00 0 
7f6dd0021000-7f6dd4000000 ---p 00000000 00:00 0 
7f6dd4000000-7f6dd4021000 rw-p 00000000 00:00 0 
7f6dd4021000-7f6dd8000000 ---p 00000000 00:00 0 
7f6dd8000000-7f6dd8021000 rw-p 00000000 00:00 0 
7f6dd8021000-7f6ddc000000 ---p 00000000 00:00 0 
7f6ddc000000-7f6ddc021000 rw-p 00000000 00:00 0 
7f6ddc021000-7f6de0000000 ---p 00000000 00:00 0 
7f6de0000000-7f6de0021000 rw-p 00000000 00:00 0 
7f6de0021000-7f6de4000000 ---p 00000000 00:00 0 
7f6de4000000-7f6de4021000 rw-p 00000000 00:00 0 
7f6de4021000-7f6de8000000 ---p 00000000 00:00 0 
7f6de8000000-7f6de8021000 rw-p 00000000 00:00 0 
7f6de8021000-7f6dec000000 ---p 00000000 00:00 0 
7f6dec000000-7f6dec021000 rw-p 00000000 00:00 0 
7f6dec021000-7f6df0000000 ---p 00000000 00:00 0 
7f6df0000000-7f6df0021000 rw-p 00000000 00:00 0 
7f6df0021000-7f6df4000000 ---p 00000000 00:00 0 
7f6df4000000-7f6df4021000 rw-p 00000000 00:00 0 
7f6df4021000-7f6df8000000 ---p 00000000 00:00 0 
7f6df8000000-7f6dfb4e7000 rw-p 00000000 00:00 0 
7f6dfb4e7000-7f6dfc000000 ---p 00000000 00:00 0 
7f6dfc000000-7f6dfc586000 rw-p 00000000 00:00 0 
7f6dfc586000-7f6e00000000 ---p 00000000 00:00 0 
7f6e00000000-7f6e005e7000 rw-p 00000000 00:00 0 
7f6e005e7000-7f6e04000000 ---p 00000000 00:00 0 
7f6e04ac3000-7f6e04b43000 rw-p 00000000 00:00 0 
7f6e04b43000-7f6e04cc3000 ---p 00000000 00:00 0 
7f6e04cc3000-7f6e04cc6000 ---p 00000000 00:00 0 
7f6e04cc6000-7f6e04dc4000 rw-p 00000000 00:00 0 
7f6e04dc4000-7f6e04dc7000 ---p 00000000 00:00 0 
7f6e04dc7000-7f6e04ec5000 rw-p 00000000 00:00 0 
7f6e04ec5000-7f6e04ec8000 ---p 00000000 00:00 0 
7f6e04ec8000-7f6e04fc6000 rw-p 00000000 00:00 0 
7f6e04fc6000-7f6e04fc9000 ---p 00000000 00:00 0 
7f6e04fc9000-7f6e052c7000 rw-p 00000000 00:00 0 
7f6e052c7000-7f6e052dd000 r-xp 00000000 08:03 9178689                    /usr/lib/libgcc_s.so.1
7f6e052dd000-7f6e054dc000 ---p 00016000 08:03 9178689                    /usr/lib/libgcc_s.so.1
7f6e054dc000-7f6e054dd000 r--p 00015000 08:03 9178689                    /usr/lib/libgcc_s.so.1
7f6e054dd000-7f6e054de000 rw-p 00016000 08:03 9178689                    /usr/lib/libgcc_s.so.1
7f6e054de000-7f6e05516000 r-xp 00000000 08:03 9971704                    /usr/lib/jvm/java-8-openjdk/jre/lib/amd64/libsunec.so
7f6e05516000-7f6e05715000 ---p 00038000 08:03 9971704                    /usr/lib/jvm/java-8-openjdk/jre/lib/amd64/libsunec.so
7f6e05715000-7f6e0571b000 rw-p 00037000 08:03 9971704                    /usr/lib/jvm/java-8-openjdk/jre/lib/amd64/libsunec.so
7f6e0571b000-7f6e0591b000 rw-p 00000000 00:00 0 
7f6e0591b000-7f6e0591e000 ---p 00000000 00:00 0 
7f6e0591e000-7f6e05a1c000 rw-p 00000000 00:00 0 
7f6e05a1c000-7f6e05a1f000 ---p 00000000 00:00 0 
7f6e05a1f000-7f6e05b1d000 rw-p 00000000 00:00 0 
7f6e05b1d000-7f6e05b20000 ---p 00000000 00:00 0 
7f6e05b20000-7f6e05c1e000 rw-p 00000000 00:00 0 
7f6e05c1e000-7f6e05c21000 ---p 00000000 00:00 0 
7f6e05c21000-7f6e05d1f000 rw-p 00000000 00:00 0 
7f6e05d1f000-7f6e05d22000 ---p 00000000 00:00 0 
7f6e05d22000-7f6e05e20000 rw-p 00000000 00:00 0 
7f6e05e20000-7f6e05e23000 ---p 00000000 00:00 0 
7f6e05e23000-7f6e06121000 rw-p 00000000 00:00 0 
7f6e06121000-7f6e06124000 ---p 00000000 00:00 0 
7f6e06124000-7f6e06422000 rw-p 00000000 00:00 0 
7f6e06422000-7f6e06622000 rw-p 00000000 00:00 0 
7f6e06622000-7f6e066a3000 rw-p 00000000 00:00 0 
7f6e066a3000-7f6e066a6000 ---p 00000000 00:00 0 
7f6e066a6000-7f6e069a4000 rw-p 00000000 00:00 0 
7f6e069a4000-7f6e069a7000 ---p 00000000 00:00 0 
7f6e069a7000-7f6e06aa5000 rw-p 00000000 00:00 0 
7f6e06aa5000-7f6e06aa8000 ---p 00000000 00:00 0 
7f6e06aa8000-7f6e06da6000 rw-p 00000000 00:00 0 
7f6e06da6000-7f6e06db7000 r-xp 00000000 08:03 9971730                    /usr/lib/jvm/java-8-openjdk/jre/lib/amd64/libnio.so
7f6e06db7000-7f6e06fb6000 ---p 00011000 08:03 9971730                    /usr/lib/jvm/java-8-openjdk/jre/lib/amd64/libnio.so
7f6e06fb6000-7f6e06fb7000 rw-p 00010000 08:03 9971730                    /usr/lib/jvm/java-8-openjdk/jre/lib/amd64/libnio.so
7f6e06fb7000-7f6e06fbb000 r-xp 00000000 08:03 9175652                    /usr/lib/libcap.so.2.25
7f6e06fbb000-7f6e071ba000 ---p 00004000 08:03 9175652                    /usr/lib/libcap.so.2.25
7f6e071ba000-7f6e071bb000 rw-p 00003000 08:03 9175652                    /usr/lib/libcap.so.2.25
7f6e071bb000-7f6e071cf000 r-xp 00000000 08:03 9180621                    /usr/lib/libresolv-2.24.so
7f6e071cf000-7f6e073ce000 ---p 00014000 08:03 9180621                    /usr/lib/libresolv-2.24.so
7f6e073ce000-7f6e073cf000 r--p 00013000 08:03 9180621                    /usr/lib/libresolv-2.24.so
7f6e073cf000-7f6e073d0000 rw-p 00014000 08:03 9180621                    /usr/lib/libresolv-2.24.so
7f6e073d0000-7f6e073d2000 rw-p 00000000 00:00 0 
7f6e073d2000-7f6e073d7000 r-xp 00000000 08:03 9180589                    /usr/lib/libnss_dns-2.24.so
7f6e073d7000-7f6e075d6000 ---p 00005000 08:03 9180589                    /usr/lib/libnss_dns-2.24.so
7f6e075d6000-7f6e075d7000 r--p 00004000 08:03 9180589                    /usr/lib/libnss_dns-2.24.so
7f6e075d7000-7f6e075d8000 rw-p 00005000 08:03 9180589                    /usr/lib/libnss_dns-2.24.so
7f6e075d8000-7f6e075da000 r-xp 00000000 08:03 9190590                    /usr/lib/libnss_mdns_minimal.so.2
7f6e075da000-7f6e077da000 ---p 00002000 08:03 9190590                    /usr/lib/libnss_mdns_minimal.so.2
7f6e077da000-7f6e077db000 r--p 00002000 08:03 9190590                    /usr/lib/libnss_mdns_minimal.so.2
7f6e077db000-7f6e077dc000 rw-p 00003000 08:03 9190590                    /usr/lib/libnss_mdns_minimal.so.2
7f6e077dc000-7f6e077f2000 r-xp 00000000 08:03 9971718                    /usr/lib/jvm/java-8-openjdk/jre/lib/amd64/libnet.so
7f6e077f2000-7f6e079f2000 ---p 00016000 08:03 9971718                    /usr/lib/jvm/java-8-openjdk/jre/lib/amd64/libnet.so
7f6e079f2000-7f6e079f3000 rw-p 00016000 08:03 9971718                    /usr/lib/jvm/java-8-openjdk/jre/lib/amd64/libnet.so
7f6e079f3000-7f6e079fb000 r-xp 00000000 08:03 9971724                    /usr/lib/jvm/java-8-openjdk/jre/lib/amd64/libmanagement.so
7f6e079fb000-7f6e07bfb000 ---p 00008000 08:03 9971724                    /usr/lib/jvm/java-8-openjdk/jre/lib/amd64/libmanagement.so
7f6e07bfb000-7f6e07bfc000 rw-p 00008000 08:03 9971724                    /usr/lib/jvm/java-8-openjdk/jre/lib/amd64/libmanagement.so
7f6e07bfc000-7f6e07bfd000 ---p 00000000 00:00 0 
7f6e07bfd000-7f6e07cfd000 rw-p 00000000 00:00 0 
7f6e07cfd000-7f6e07d00000 ---p 00000000 00:00 0 
7f6e07d00000-7f6e07dfe000 rw-p 00000000 00:00 0 
7f6e07dfe000-7f6e07e01000 ---p 00000000 00:00 0 
7f6e07e01000-7f6e07eff000 rw-p 00000000 00:00 0 
7f6e07eff000-7f6e07f02000 ---p 00000000 00:00 0 
7f6e07f02000-7f6e08000000 rw-p 00000000 00:00 0 
7f6e08000000-7f6e08079000 rw-p 00000000 00:00 0 
7f6e08079000-7f6e0c000000 ---p 00000000 00:00 0 
7f6e0c000000-7f6e0c021000 rw-p 00000000 00:00 0 
7f6e0c021000-7f6e10000000 ---p 00000000 00:00 0 
7f6e10000000-7f6e10021000 rw-p 00000000 00:00 0 
7f6e10021000-7f6e14000000 ---p 00000000 00:00 0 
7f6e14000000-7f6e14021000 rw-p 00000000 00:00 0 
7f6e14021000-7f6e18000000 ---p 00000000 00:00 0 
7f6e18000000-7f6e18021000 rw-p 00000000 00:00 0 
7f6e18021000-7f6e1c000000 ---p 00000000 00:00 0 
7f6e1c000000-7f6e1c021000 rw-p 00000000 00:00 0 
7f6e1c021000-7f6e20000000 ---p 00000000 00:00 0 
7f6e20000000-7f6e20021000 rw-p 00000000 00:00 0 
7f6e20021000-7f6e24000000 ---p 00000000 00:00 0 
7f6e24000000-7f6e24021000 rw-p 00000000 00:00 0 
7f6e24021000-7f6e28000000 ---p 00000000 00:00 0 
7f6e28000000-7f6e28021000 rw-p 00000000 00:00 0 
7f6e28021000-7f6e2c000000 ---p 00000000 00:00 0 
7f6e2c000000-7f6e2c021000 rw-p 00000000 00:00 0 
7f6e2c021000-7f6e30000000 ---p 00000000 00:00 0 
7f6e30000000-7f6e30021000 rw-p 00000000 00:00 0 
7f6e30021000-7f6e34000000 ---p 00000000 00:00 0 
7f6e3403b000-7f6e3404c000 r-xp 00000000 08:03 9178703                    /usr/lib/libnss_myhostname.so.2
7f6e3404c000-7f6e3404e000 r--p 00010000 08:03 9178703                    /usr/lib/libnss_myhostname.so.2
7f6e3404e000-7f6e3404f000 rw-p 00012000 08:03 9178703                    /usr/lib/libnss_myhostname.so.2
7f6e34077000-7f6e3407c000 r--s 0003b000 08:03 9971656                    /usr/lib/jvm/java-8-openjdk/jre/lib/ext/sunjce_provider.jar
7f6e3407c000-7f6e3407d000 r--s 00008000 08:03 9971641                    /usr/lib/jvm/java-8-openjdk/jre/lib/ext/sunec.jar
7f6e3407d000-7f6e34080000 r--s 00015000 08:03 9970675                    /usr/lib/jvm/java-8-openjdk/jre/lib/jce.jar
7f6e34080000-7f6e34084000 r--s 00097000 08:03 9970741                    /usr/lib/jvm/java-8-openjdk/jre/lib/jsse.jar
7f6e34084000-7f6e34087000 ---p 00000000 00:00 0 
7f6e34087000-7f6e34185000 rw-p 00000000 00:00 0 
7f6e34185000-7f6e34187000 r--s 0000b000 08:03 11272408                   /usr/share/intellijidea-ce/plugins/Groovy/lib/agent/gragent.jar
7f6e34187000-7f6e34189000 r--s 0001e000 08:03 11272279                   /usr/share/intellijidea-ce/lib/idea_rt.jar
7f6e34189000-7f6e3418e000 r--s 00041000 08:03 5374396                    /home/ray/.gradle/caches/modules-2/files-2.1/commons-lang/commons-lang/2.6/ce1edb914c94ebc388f086c6827e8bdeec71ac2/commons-lang-2.6.jar
7f6e3418e000-7f6e34190000 r--s 00011000 08:03 5374400                    /home/ray/.gradle/caches/modules-2/files-2.1/org.hamcrest/hamcrest-core/1.1/860340562250678d1a344907ac75754e259cdb14/hamcrest-core-1.1.jar
7f6e34190000-7f6e34194000 r--s 00031000 08:03 5374398                    /home/ray/.gradle/caches/modules-2/files-2.1/jline/jline/2.12/ce9062c6a125e0f9ad766032573c041ae8ecc986/jline-2.12.jar
7f6e34194000-7f6e3419b000 r--s 0005e000 08:03 1835049                    /home/ray/.gradle/caches/modules-2/files-2.1/org.apache.commons/commons-lang3/3.3.2/90a3822c38ec8c996e84c16a3477ef632cbc87a3/commons-lang3-3.3.2.jar
7f6e3419b000-7f6e3419d000 r--s 00001000 08:03 5374394                    /home/ray/.gradle/caches/modules-2/files-2.1/org.slf4j/slf4j-log4j12/1.7.12/485f77901840cf4e8bf852f2abb9b723eb8ec29/slf4j-log4j12-1.7.12.jar
7f6e3419d000-7f6e341a3000 r--s 0003c000 08:03 5374392                    /home/ray/.gradle/caches/modules-2/files-2.1/org.yaml/snakeyaml/1.15/3b132bea69e8ee099f416044970997bde80f4ea6/snakeyaml-1.15.jar
7f6e341a3000-7f6e341a7000 r--s 0003c000 08:03 5377161                    /home/ray/.gradle/caches/modules-2/files-2.1/com.fasterxml.jackson.core/jackson-core/2.6.0/ba4506602d0f51d214ba16b80e2e70a714152a20/jackson-core-2.6.0.jar
7f6e341a7000-7f6e341aa000 r--s 00009000 08:03 5377159                    /home/ray/.gradle/caches/modules-2/files-2.1/com.fasterxml.jackson.core/jackson-annotations/2.6.0/a0990e2e812ac6639b6ce955c91b13228500476e/jackson-annotations-2.6.0.jar
7f6e341aa000-7f6e341ac000 r--s 00005000 08:03 5374350                    /home/ray/.gradle/caches/modules-2/files-2.1/stax/stax-api/1.0.1/49c100caf72d658aca8e58bd74a4ba90fa2b0d70/stax-api-1.0.1.jar
7f6e341ac000-7f6e341ae000 r--s 00012000 08:03 5377157                    /home/ray/.gradle/caches/modules-2/files-2.1/org.codehaus.jettison/jettison/1.3.3/8e7d1b29e8da3c584d389019b28260ba71b57bb6/jettison-1.3.3.jar
7f6e341ae000-7f6e341b2000 r--s 00019000 08:03 5113309                    /home/ray/.gradle/caches/modules-2/files-2.1/com.googlecode.concurrentlinkedhashmap/concurrentlinkedhashmap-lru/1.4.2/2eaf3d3c9746d526ff7e5b93931d482c3887e6ac/concurrentlinkedhashmap-lru-1.4.2.jar
7f6e341b2000-7f6e341b4000 r--s 0000d000 08:03 5374386                    /home/ray/.gradle/caches/modules-2/files-2.1/org.jboss.logging/jboss-logging/3.1.0.CR2/28725380c07f917ace4e511db21cc45e9ae5a72b/jboss-logging-3.1.0.CR2.jar
7f6e341b4000-7f6e341b7000 r--s 00009000 08:03 5374384                    /home/ray/.gradle/caches/modules-2/files-2.1/javax.validation/validation-api/1.0.0.GA/b6bd7f9d78f6fdaa3c37dae18a4bd298915f328e/validation-api-1.0.0.GA.jar
7f6e341b7000-7f6e342dc000 r--s 00efa000 08:03 5374382                    /home/ray/.gradle/caches/modules-2/files-2.1/it.unimi.dsi/fastutil/6.5.7/dec71174d0c8a20f355e5af8b59f25eb424c49d3/fastutil-6.5.7.jar
7f6e342dc000-7f6e342df000 r--s 0000e000 08:03 5374380                    /home/ray/.gradle/caches/modules-2/files-2.1/com.lmax/disruptor/3.0.1/d68c363b12827c644bd60469827b862cad7dc0a2/disruptor-3.0.1.jar
7f6e342df000-7f6e342eb000 r--s 00069000 08:03 5374378                    /home/ray/.gradle/caches/modules-2/files-2.1/org.hibernate/hibernate-validator/4.3.0.Final/f2d0447bcdb27a48398215a33eb351b8a594e3a4/hibernate-validator-4.3.0.Final.jar
7f6e342eb000-7f6e342ef000 r--s 00037000 08:03 5374376                    /home/ray/.gradle/caches/modules-2/files-2.1/org.antlr/ST4/4.0.8/a1c55e974f8a94d78e2348fa6ff63f4fa1fae64/ST4-4.0.8.jar
7f6e342ef000-7f6e342f2000 r--s 00067000 08:03 5377155                    /home/ray/.gradle/caches/modules-2/files-2.1/org.xerial.snappy/snappy-java/1.1.0.1/d6791f51fc9b7420a4d7e0c8f8f3a11713038e62/snappy-java-1.1.0.1.jar
7f6e342f2000-7f6e342f9000 r--s 0003a000 08:03 1835053                    /home/ray/.gradle/caches/modules-2/files-2.1/commons-codec/commons-codec/1.9/9ce04e34240f674bc72680f8b843b1457383161a/commons-codec-1.9.jar
7f6e342f9000-7f6e342fb000 r--s 00007000 08:03 5376922                    /home/ray/.gradle/caches/modules-2/files-2.1/org.slf4j/slf4j-api/1.7.13/7fcf30c25b8f4a9379b9dad0d3f487b25272c026/slf4j-api-1.7.13.jar
7f6e342fb000-7f6e342ff000 r--s 00030000 08:03 5374368                    /home/ray/.gradle/caches/modules-2/files-2.1/org.codehaus.groovy/groovy-xml/2.4.1/43783b1ddaa495eff815951788bc0710dda485a5/groovy-xml-2.4.1.jar
7f6e342ff000-7f6e34306000 r--s 0004f000 08:03 5374366                    /home/ray/.gradle/caches/modules-2/files-2.1/org.codehaus.groovy/groovy-swing/2.4.1/6199e94c4b911aa766b28250f9225aea0cc7b18b/groovy-swing-2.4.1.jar
7f6e34306000-7f6e34308000 r--s 00015000 08:03 5374364                    /home/ray/.gradle/caches/modules-2/files-2.1/org.codehaus.groovy/groovy-templates/2.4.1/d1ee8c32a666a0bc39c2e326c457b1142a636382/groovy-templates-2.4.1.jar
7f6e34308000-7f6e3430d000 r--s 00016000 08:03 5374362                    /home/ray/.gradle/caches/modules-2/files-2.1/xml-apis/xml-apis/1.0.b2/3136ca936f64c9d68529f048c2618bd356bf85c9/xml-apis-1.0.b2.jar
7f6e3430d000-7f6e34310000 r--s 00013000 08:03 5374360                    /home/ray/.gradle/caches/modules-2/files-2.1/org.acplt/oncrpc/1.0.7/9b479265238bd2a3d647179d80994642598f2168/oncrpc-1.0.7.jar
7f6e34310000-7f6e3431b000 r--s 00092000 08:03 5374358                    /home/ray/.gradle/caches/modules-2/files-2.1/org.codehaus.groovy/groovy-console/2.4.1/452c65efde81c69951c5e9e766d137df79f6d907/groovy-console-2.4.1.jar
7f6e3431b000-7f6e3431d000 r--s 00008000 08:03 5374356                    /home/ray/.gradle/caches/modules-2/files-2.1/com.jcabi/jcabi-log/0.14/819a57348f2448f01d74f8a317dab61d6a90cac2/jcabi-log-0.14.jar
7f6e3431d000-7f6e34322000 r--s 00029000 08:03 5113323                    /home/ray/.gradle/caches/modules-2/files-2.1/org.parboiled/parboiled-core/1.1.7/a60ff9a54cbeb30ec44c89e16ac4c35913cbad5a/parboiled-core-1.1.7.jar
7f6e34322000-7f6e34366000 r--s 002b0000 08:03 5113321                    /home/ray/.gradle/caches/modules-2/files-2.1/org.neo4j/neo4j-cypher-frontend-3.0/3.0.6/90de884010e33b72c8e85e8a1d951bccfa992293/neo4j-cypher-frontend-3.0-3.0.6.jar
7f6e34366000-7f6e343af000 r--s 002fa000 08:03 5113319                    /home/ray/.gradle/caches/modules-2/files-2.1/org.neo4j/neo4j-cypher-frontend-2.3/2.3.7/99462895c09a6ca9a4b355b13005f85e33511b51/neo4j-cypher-frontend-2.3-2.3.7.jar
7f6e343af000-7f6e343b7000 r--s 00062000 08:03 5113315                    /home/ray/.gradle/caches/modules-2/files-2.1/org.apache.lucene/lucene-backward-codecs/5.5.0/68480974b2f54f519763632a7c1c5d51cbff3805/lucene-backward-codecs-5.5.0.jar
7f6e343b7000-7f6e343b8000 r--s 00007000 08:03 5113313                    /home/ray/.gradle/caches/modules-2/files-2.1/org.neo4j/neo4j-unsafe/3.0.6/ead3a694e9d26b08071a3808064a3f5a1dab6f23/neo4j-unsafe-3.0.6.jar
7f6e343b8000-7f6e343b9000 r--s 00001000 08:03 5113311                    /home/ray/.gradle/caches/modules-2/files-2.1/org.neo4j/neo4j-resource/3.0.6/bb976166d05f9202e942cae09c691d99d65650e1/neo4j-resource-3.0.6.jar
7f6e343b9000-7f6e343bb000 r--s 0000e000 08:03 5377153                    /home/ray/.gradle/caches/modules-2/files-2.1/javax.activation/activation/1.1/e6cb541461c2834bdea3eb920f1884d1eb508b50/activation-1.1.jar
7f6e343bb000-7f6e343c0000 r--s 00048000 08:03 5374346                    /home/ray/.gradle/caches/modules-2/files-2.1/dom4j/dom4j/1.6.1/5d3ccc056b6f056dbf0dddfdf43894b9065a8f94/dom4j-1.6.1.jar
7f6e343c0000-7f6e343c9000 r--s 00098000 08:03 5374344                    /home/ray/.gradle/caches/modules-2/files-2.1/org.javassist/javassist/3.16.1-GA/315891b371395271977af518d4db5cee1a0bc9bf/javassist-3.16.1-GA.jar
7f6e343c9000-7f6e343cb000 r--s 00009000 08:03 5374342                    /home/ray/.gradle/caches/modules-2/files-2.1/info.ganglia.gmetric4j/gmetric4j/1.0.3/badb330453496c7a2465148903b3bd2a49462307/gmetric4j-1.0.3.jar
7f6e343cb000-7f6e343cc000 r--s 00003000 08:03 5374340                    /home/ray/.gradle/caches/modules-2/files-2.1/org.codehaus.groovy/groovy-jsr223/2.4.1/f30b503eee002c16699181f79a5933c53a4d442f/groovy-jsr223-2.4.1-indy.jar
7f6e343cc000-7f6e343ce000 r--s 0001c000 08:03 5374338                    /home/ray/.gradle/caches/modules-2/files-2.1/org.codehaus.groovy/groovy-json/2.4.1/fc9707bc8cee39c499d0df50d0f2901302011060/groovy-json-2.4.1-indy.jar
7f6e343ce000-7f6e343d5000 r--s 00054000 08:03 5374336                    /home/ray/.gradle/caches/modules-2/files-2.1/org.codehaus.groovy/groovy-groovysh/2.4.1/1600fde728c885cc9506cb102deb1b494bd7c130/groovy-groovysh-2.4.1-indy.jar
7f6e343d5000-7f6e34421000 r--s 00402000 08:03 5374334                    /home/ray/.gradle/caches/modules-2/files-2.1/org.codehaus.groovy/groovy/2.4.1/71452d4c828c34fe3542af2253a07c3d98bbd99c/groovy-2.4.1.jar
7f6e34421000-7f6e3446d000 r--s 003fa000 08:03 5374332                    /home/ray/.gradle/caches/modules-2/files-2.1/org.codehaus.groovy/groovy/2.4.1/1f5805150866ed9c5fdbf3fc444fef39c38bb074/groovy-2.4.1-indy.jar
7f6e3446d000-7f6e34482000 r--s 00116000 08:03 5374330                    /home/ray/.gradle/caches/modules-2/files-2.1/org.apache.ivy/ivy/2.3.0/c5ebf1c253ad4959a29f4acfe696ee48cdd9f473/ivy-2.3.0.jar
7f6e34482000-7f6e34484000 r--s 00003000 08:03 5374328                    /home/ray/.gradle/caches/modules-2/files-2.1/org.slf4j/jcl-over-slf4j/1.7.12/adef7a9e1263298255fdb5cb107ff171d07c82f3/jcl-over-slf4j-1.7.12.jar
7f6e34484000-7f6e34485000 r--s 00002000 08:03 5374326                    /home/ray/.gradle/caches/modules-2/files-2.1/com.jcabi/jcabi-manifests/1.1/e4f4488c0e3905c6fab287aca2569928fe1712df/jcabi-manifests-1.1.jar
7f6e34485000-7f6e34486000 r--s 0000f000 08:03 5374322                    /home/ray/.gradle/caches/modules-2/files-2.1/org.javatuples/javatuples/1.2/507312ac4b601204a72a83380badbca82683dd36/javatuples-1.2.jar
7f6e34486000-7f6e3448f000 r--s 0005d000 08:03 5374320                    /home/ray/.gradle/caches/modules-2/files-2.1/org.apache.tinkerpop/gremlin-shaded/3.0.1-incubating/ac16b87fb38ddf5303c2b64016f6d6d919b1f7d6/gremlin-shaded-3.0.1-incubating.jar
7f6e3448f000-7f6e34490000 r--s 00004000 08:03 1703992                    /home/ray/.gradle/caches/modules-2/files-2.1/net.sf.opencsv/opencsv/2.3/c23708cdb9e80a144db433e23344a788a1fd6599/opencsv-2.3.jar
7f6e34490000-7f6e34494000 r--s 00035000 08:03 5113307                    /home/ray/.gradle/caches/modules-2/files-2.1/org.parboiled/parboiled-scala_2.11/1.1.7/4e14ecb11f40f25216ce01dc349f541bc801354f/parboiled-scala_2.11-1.1.7.jar
7f6e34494000-7f6e34548000 r--s 0082f000 08:03 5113305                    /home/ray/.gradle/caches/modules-2/files-2.1/org.neo4j/neo4j-cypher-compiler-3.0/3.0.6/e28e1c7ba1cce86087483dd392bc2236f01f7e46/neo4j-cypher-compiler-3.0-3.0.6.jar
7f6e34548000-7f6e345ea000 r--s 00744000 08:03 5113303                    /home/ray/.gradle/caches/modules-2/files-2.1/org.neo4j/neo4j-cypher-compiler-2.3/2.3.7/df400e0017ebddfac8d514698b31e3d7d0e4673d/neo4j-cypher-compiler-2.3-2.3.7.jar
7f6e345ea000-7f6e345ee000 r--s 0001d000 08:03 5113301                    /home/ray/.gradle/caches/modules-2/files-2.1/org.neo4j/neo4j-codegen/3.0.6/58e29a6942044644f98adc90fe3b67899bf625ca/neo4j-codegen-3.0.6.jar
7f6e345ee000-7f6e3463a000 r--s 00411000 08:03 5113299                    /home/ray/.gradle/caches/modules-2/files-2.1/org.scala-lang/scala-reflect/2.11.8/b74530deeba742ab4f3134de0c2da0edc49ca361/scala-reflect-2.11.8.jar
7f6e3463a000-7f6e34693000 r--s 00522000 08:03 5113297                    /home/ray/.gradle/caches/modules-2/files-2.1/org.scala-lang/scala-library/2.11.8/ddd5a8bced249bedd86fb4578a39b9fb71480573/scala-library-2.11.8.jar
7f6e34693000-7f6e3469b000 r--s 0005f000 08:03 5113295                    /home/ray/.gradle/caches/modules-2/files-2.1/org.apache.lucene/lucene-codecs/5.5.0/b6d6b847a516b5fee88f7cfcf173cf9564233471/lucene-codecs-5.5.0.jar
7f6e3469b000-7f6e346a5000 r--s 00059000 08:03 5113293                    /home/ray/.gradle/caches/modules-2/files-2.1/org.apache.lucene/lucene-queryparser/5.5.0/fddc49725b562fd48dff0cff004336ad2a090a4/lucene-queryparser-5.5.0.jar
7f6e346a5000-7f6e346cc000 r--s 0021c000 08:03 5113291                    /home/ray/.gradle/caches/modules-2/files-2.1/org.apache.lucene/lucene-core/5.5.0/a74fd869bb5ad7fe6b4cd29df9543a34aea81164/lucene-core-5.5.0.jar
7f6e346cc000-7f6e346df000 r--s 0016f000 08:03 5113289                    /home/ray/.gradle/caches/modules-2/files-2.1/org.apache.lucene/lucene-analyzers-common/5.5.0/1e0e8243a4410be20c34683034fafa7bb52e55cc/lucene-analyzers-common-5.5.0.jar
7f6e346df000-7f6e346e0000 r--s 004ac000 08:03 5113287                    /home/ray/.gradle/caches/modules-2/files-2.1/org.neo4j/neo4j-lucene-upgrade/3.0.6/67e4f44573fd277d8f19b36d24f1f5e62f4227bb/neo4j-lucene-upgrade-3.0.6.jar
7f6e346e0000-7f6e346e1000 r--s 0000a000 08:03 5113284                    /home/ray/.gradle/caches/modules-2/files-2.1/org.neo4j/neo4j-security/3.0.6/3569548a0b8d459763cc1fa384c73a8543129b0d/neo4j-security-3.0.6.jar
7f6e346e1000-7f6e346e4000 r--s 0000f000 08:03 5113282                    /home/ray/.gradle/caches/modules-2/files-2.1/org.neo4j/neo4j-logging/3.0.6/fa93f79909c38977fc6a732381a3a8d4a8814c09/neo4j-logging-3.0.6.jar
7f6e346e4000-7f6e346e6000 r--s 00012000 08:03 5113280                    /home/ray/.gradle/caches/modules-2/files-2.1/org.neo4j/neo4j-csv/3.0.6/e1c0078b1870e3932cf184e8e6a563ade739913a/neo4j-csv-3.0.6.jar
7f6e346e6000-7f6e346e9000 r--s 00021000 08:03 5113278                    /home/ray/.gradle/caches/modules-2/files-2.1/org.neo4j/neo4j-io/3.0.6/70d32110b70abef57402d44f5c54f51debc2c59b/neo4j-io-3.0.6.jar
7f6e346e9000-7f6e346ef000 r--s 00026000 08:03 5113276                    /home/ray/.gradle/caches/modules-2/files-2.1/org.neo4j/neo4j-primitive-collections/3.0.6/6c58200eaa8808b4ea2342ca4fed94de61d8d99b/neo4j-primitive-collections-3.0.6.jar
7f6e346ef000-7f6e346f2000 r--s 00011000 08:03 5113274                    /home/ray/.gradle/caches/modules-2/files-2.1/org.neo4j/neo4j-collections/3.0.6/8791f848d4677d86476b2f2170a38dfd5c7c5b3/neo4j-collections-3.0.6.jar
7f6e346f2000-7f6e346f5000 r--s 00011000 08:03 5113272                    /home/ray/.gradle/caches/modules-2/files-2.1/org.neo4j/neo4j-common/3.0.6/992e3b22539dbacd28ded518abd40100992408dc/neo4j-common-3.0.6.jar
7f6e346f5000-7f6e346fc000 r--s 00026000 08:03 5113270                    /home/ray/.gradle/caches/modules-2/files-2.1/org.neo4j/neo4j-graphdb-api/3.0.6/97d7597ce1290b3bc542b8eeaffd47e546b6c1d6/neo4j-graphdb-api-3.0.6.jar
7f6e346fc000-7f6e346fe000 r--s 0000c000 08:03 4854169                    /home/ray/.gradle/caches/modules-2/files-2.1/org.ow2.asm/asm/5.0.4/da08b8cce7bbf903602a25a3a163ae252435795/asm-5.0.4.jar
7f6e346fe000-7f6e3470f000 r--s 0010b000 08:03 5377151                    /home/ray/.gradle/caches/modules-2/files-2.1/com.fasterxml.jackson.core/jackson-databind/2.6.0/d2e494b027c26edc4d4e7e9251e168e6af26d2d3/jackson-databind-2.6.0.jar
7f6e3470f000-7f6e34717000 r--s 00078000 08:03 5377149                    /home/ray/.gradle/caches/modules-2/files-2.1/javax.mail/mail/1.4.7/9add058589d5d85adeb625859bf2c5eeaaedf12d/mail-1.4.7.jar
7f6e34717000-7f6e3471b000 r--s 00024000 08:03 5377147                    /home/ray/.gradle/caches/modules-2/files-2.1/com.orientechnologies/orientdb-client/2.2.11/bb2ede3b5fe8613685d3ffd667318e68766c9c7/orientdb-client-2.2.11.jar
7f6e3471b000-7f6e3471d000 r--s 0000e000 08:03 5376920                    /home/ray/.gradle/caches/modules-2/files-2.1/commons-logging/commons-logging/1.2/4bfc12adfe4842bf07b657f0369c4cb522955686/commons-logging-1.2.jar
7f6e3471d000-7f6e34724000 r--s 00049000 08:03 5376918                    /home/ray/.gradle/caches/modules-2/files-2.1/org.apache.httpcomponents/httpcore/4.4.3/e876a79d561e5c6207b78d347e198c8c4531a5e5/httpcore-4.4.3.jar
7f6e34724000-7f6e34725000 r--s 00006000 08:03 5374316                    /home/ray/.gradle/caches/modules-2/files-2.1/org.apache.servicemix.bundles/org.apache.servicemix.bundles.commons-csv/1.0-r706900_3/ff0cd44f590a80c5c87aaa85a0d2bab2d350bc4a/org.apache.servicemix.bundles.commons-csv-1.0-r706900_3.jar
7f6e34725000-7f6e34726000 r--s 00003000 08:03 5374314                    /home/ray/.gradle/caches/modules-2/files-2.1/com.eaio.uuid/uuid/3.2/77ba5105d949cd589aff75400d9f7d3676691a46/uuid-3.2.jar
7f6e34726000-7f6e34735000 r--s 00076000 08:03 5374312                    /home/ray/.gradle/caches/modules-2/files-2.1/joda-time/joda-time/1.6.2/7a0525fe460ef5b99ea3152e6d2c0e4f24f04c51/joda-time-1.6.2.jar
7f6e34735000-7f6e34737000 r--s 00004000 08:03 5374310                    /home/ray/.gradle/caches/modules-2/files-2.1/com.github.jbellis/jamm/0.3.0/a08af6071e57d4eb5d13db780c7810f73b549f1a/jamm-0.3.0.jar
7f6e34737000-7f6e3473b000 r--s 000dc000 08:03 5374308                    /home/ray/.gradle/caches/modules-2/files-2.1/net.java.dev.jna/jna/4.0.0/9b3a11c613ec3fd3440af4103b12c3de82d38b6e/jna-4.0.0.jar
7f6e3473b000-7f6e3475c000 r--s 001b0000 08:03 5374306                    /home/ray/.gradle/caches/modules-2/files-2.1/org.apache.cassandra/cassandra-thrift/2.1.9/a2e4ee9513f1cb449fc0b51e00c2ecb455e1fc74/cassandra-thrift-2.1.9.jar
7f6e3475c000-7f6e34761000 r--s 00033000 08:03 5374304                    /home/ray/.gradle/caches/modules-2/files-2.1/org.apache.thrift/libthrift/0.9.2/9b067e2e2c5291e9f0d8b3561b1654286e6d81ee/libthrift-0.9.2.jar
7f6e34761000-7f6e34764000 r--s 00014000 08:03 5374302                    /home/ray/.gradle/caches/modules-2/files-2.1/net.sf.supercsv/super-csv/2.1.0/c6466dd0e28c034272b9f70a3f1896c03f1f2b27/super-csv-2.1.0.jar
7f6e34764000-7f6e34767000 r--s 00023000 08:03 5374300                    /home/ray/.gradle/caches/modules-2/files-2.1/com.clearspring.analytics/stream/2.5.2/8ec983689f4cc5463d012f415129b0c9fe296b7a/stream-2.5.2.jar
7f6e34767000-7f6e34769000 r--s 00008000 08:03 5374298                    /home/ray/.gradle/caches/modules-2/files-2.1/com.thinkaurelius.thrift/thrift-server/0.3.7/e8182774da1b1dde3704f450837c79997b5d7025/thrift-server-0.3.7.jar
7f6e34769000-7f6e3476b000 r--s 00004000 08:03 5374296                    /home/ray/.gradle/caches/modules-2/files-2.1/com.addthis.metrics/reporter-config/2.1.0/1f4c83a733634be5f550ed94ceb9475b17ce8ba6/reporter-config-2.1.0.jar
7f6e3476b000-7f6e3476e000 r--s 00012000 08:03 5374294                    /home/ray/.gradle/caches/modules-2/files-2.1/com.yammer.metrics/metrics-core/2.2.0/f82c035cfa786d3cbec362c38c22a5f5b1bc8724/metrics-core-2.2.0.jar
7f6e3476e000-7f6e3476f000 r--s 00004000 08:03 5374292                    /home/ray/.gradle/caches/modules-2/files-2.1/org.mindrot/jbcrypt/0.3m/fe2d9c5f23767d681a7e38fc8986b812400ec583/jbcrypt-0.3m.jar
7f6e3476f000-7f6e34772000 r--s 00017000 08:03 5374290                    /home/ray/.gradle/caches/modules-2/files-2.1/com.boundary/high-scale-lib/1.0.6/7b44147cb2729e1724d2d46d7b932c56b65087f0/high-scale-lib-1.0.6.jar
7f6e34772000-7f6e34773000 r--s 00003000 08:03 5374288                    /home/ray/.gradle/caches/modules-2/files-2.1/com.googlecode.json-simple/json-simple/1.1/5e303a03d04e6788dddfa3655272580ae0fc13bb/json-simple-1.1.jar
7f6e34773000-7f6e34781000 r--s 000ad000 08:03 5374286                    /home/ray/.gradle/caches/modules-2/files-2.1/org.codehaus.jackson/jackson-mapper-asl/1.9.2/95400a7922ce75383866eb72f6ef4a7897923945/jackson-mapper-asl-1.9.2.jar
7f6e34781000-7f6e34785000 r--s 00034000 08:03 5374284                    /home/ray/.gradle/caches/modules-2/files-2.1/org.codehaus.jackson/jackson-core-asl/1.9.2/8493982bba1727106d767034bd0d8e77bc1931a9/jackson-core-asl-1.9.2.jar
7f6e34785000-7f6e34788000 r--s 00026000 08:03 5374282                    /home/ray/.gradle/caches/modules-2/files-2.1/org.antlr/antlr-runtime/3.5.2/cd9cd41361c155f3af0f653009dcecb08d8b4afd/antlr-runtime-3.5.2.jar
7f6e34788000-7f6e34792000 r--s 00110000 08:03 5374280                    /home/ray/.gradle/caches/modules-2/files-2.1/org.antlr/antlr/3.5.2/c4a65c950bfc3e7d04309c515b2177c00baf7764/antlr-3.5.2.jar
7f6e34792000-7f6e347b0000 r--s 00180000 08:03 5374278                    /home/ray/.gradle/caches/modules-2/files-2.1/org.apache.commons/commons-math3/3.2/ec2544ab27e110d2d431bdad7d538ed509b21e62/commons-math3-3.2.jar
7f6e347b0000-7f6e347b1000 r--s 00008000 08:03 5374276                    /home/ray/.gradle/caches/modules-2/files-2.1/commons-cli/commons-cli/1.1/11c98b99ad538f2f67633afd4d7f4d98ecfbb408/commons-cli-1.1.jar
7f6e347b1000-7f6e347b3000 r--s 00005000 08:03 5374274                    /home/ray/.gradle/caches/modules-2/files-2.1/com.ning/compress-lzf/0.8.4/994da6bddb79a40c368d3040f2aa06b94faf6b1f/compress-lzf-0.8.4.jar
7f6e347b3000-7f6e347b5000 r--s 00027000 08:03 5374272                    /home/ray/.gradle/caches/modules-2/files-2.1/net.jpountz.lz4/lz4/1.2.0/cd301e9a481eae5b68c53267100aeca43b782b9f/lz4-1.2.0.jar
7f6e347b5000-7f6e347bc000 r--s 00037000 08:03 5374270                    /home/ray/.gradle/caches/modules-2/files-2.1/junit/junit/4.10/e4f1766ce7404a08f45d859fb9c226fc9e41a861/junit-4.10.jar
7f6e347bc000-7f6e347c6000 r--s 0005f000 08:03 5374268                    /home/ray/.gradle/caches/modules-2/files-2.1/ch.qos.logback/logback-core/1.1.2/2d23694879c2c12f125dac5076bdfd5d771cc4cb/logback-core-1.1.2.jar
7f6e347c6000-7f6e347cf000 r--s 0006f000 08:03 5374266                    /home/ray/.gradle/caches/modules-2/files-2.1/log4j/log4j/1.2.17/5af35056b4d257e4b64b9e8069c0746e8b08629f/log4j-1.2.17.jar
7f6e347cf000-7f6e347d2000 r--s 00006000 08:03 5374264                    /home/ray/.gradle/caches/modules-2/files-2.1/com.google.code.findbugs/jsr305/3.0.0/5871fb60dc68d67da54a663c3fd636a10a532948/jsr305-3.0.0.jar
7f6e347d2000-7f6e347d4000 r--s 00016000 08:03 5374262                    /home/ray/.gradle/caches/modules-2/files-2.1/com.github.stephenc.high-scale-lib/high-scale-lib/1.1.4/93865cc75c598f67a7a98e259b2ecfceec9a132/high-scale-lib-1.1.4.jar
7f6e347d4000-7f6e347eb000 r--s 00100000 08:03 5374260                    /home/ray/.gradle/caches/modules-2/files-2.1/com.carrotsearch/hppc/0.7.1/8b5057f74ea378c0150a1860874a3ebdcb713767/hppc-0.7.1.jar
7f6e347eb000-7f6e34816000 r--s 001fc000 08:03 1704008                    /home/ray/.gradle/caches/modules-2/files-2.1/com.google.guava/guava/18.0/cce0823396aa693798f8882e64213b1772032b09/guava-18.0.jar
7f6e34816000-7f6e3481a000 r--s 00029000 08:03 5374258                    /home/ray/.gradle/caches/modules-2/files-2.1/commons-io/commons-io/2.3/cd8d6ffc833cc63c30d712a180f4663d8f55799b/commons-io-2.3.jar
7f6e3481a000-7f6e34821000 r--s 00052000 08:03 5374256                    /home/ray/.gradle/caches/modules-2/files-2.1/commons-configuration/commons-configuration/1.10/2b36e4adfb66d966c5aef2d73deb6be716389dc9/commons-configuration-1.10.jar
7f6e34821000-7f6e34823000 r--s 00017000 08:03 5374252                    /home/ray/.gradle/caches/modules-2/files-2.1/com.spatial4j/spatial4j/0.4.1/4234d12b1ba4d4b539fb3e29edd948a99539d9eb/spatial4j-0.4.1.jar
7f6e34823000-7f6e34826000 r--s 0001b000 08:03 5374250                    /home/ray/.gradle/caches/modules-2/files-2.1/org.reflections/reflections/0.9.9-RC1/b78b545f452a6b7d4fab2641dd0b0147a0f4fd5e/reflections-0.9.9-RC1.jar
7f6e34826000-7f6e34827000 r--s 00002000 08:03 5374248                    /home/ray/.gradle/caches/modules-2/files-2.1/com.codahale.metrics/metrics-graphite/3.0.1/2389e1501d8b9b1ab3b2cd8da16afef56430ba15/metrics-graphite-3.0.1.jar
7f6e34827000-7f6e34829000 r--s 00001000 08:03 5374246                    /home/ray/.gradle/caches/modules-2/files-2.1/com.codahale.metrics/metrics-ganglia/3.0.1/1c574e1b154dab30302668f4a474bd8ecf89e5b5/metrics-ganglia-3.0.1.jar
7f6e34829000-7f6e3482c000 r--s 00011000 08:03 5374244                    /home/ray/.gradle/caches/modules-2/files-2.1/org.glassfish/javax.json/1.0/af5da48125e7fddc7ecd47e300101e599175d47d/javax.json-1.0.jar
7f6e3482c000-7f6e3482e000 r--s 00014000 08:03 5374242                    /home/ray/.gradle/caches/modules-2/files-2.1/org.apache.tinkerpop/tinkergraph-gremlin/3.0.1-incubating/310de81c2422efd0cc4efa569316527f59615cf8/tinkergraph-gremlin-3.0.1-incubating.jar
7f6e3482e000-7f6e34833000 r--s 00027000 08:03 5374240                    /home/ray/.gradle/caches/modules-2/files-2.1/org.apache.tinkerpop/gremlin-groovy/3.0.1-incubating/a3c858fd020afc005040d240df4026e35a01ceef/gremlin-groovy-3.0.1-incubating.jar
7f6e34833000-7f6e3484a000 r--s 000e2000 08:03 5374238                    /home/ray/.gradle/caches/modules-2/files-2.1/org.apache.tinkerpop/gremlin-core/3.0.1-incubating/866c68dca792ca6fb736cc2ac791cb36f412bc25/gremlin-core-3.0.1-incubating.jar
7f6e3484a000-7f6e3484c000 r--s 00004000 08:03 5243088                    /home/ray/.gradle/caches/modules-2/files-2.1/io.dropwizard.metrics/metrics-graphite/3.1.2/15a68399652c6123fe6e4c82ac4f0749e2eb6583/metrics-graphite-3.1.2.jar
7f6e3484c000-7f6e34850000 r--s 00018000 08:03 5243086                    /home/ray/.gradle/caches/modules-2/files-2.1/io.dropwizard.metrics/metrics-core/3.1.2/224f03afd2521c6c94632f566beb1bb5ee32cf07/metrics-core-3.1.2.jar
7f6e34850000-7f6e34858000 r--s 0004a000 08:03 5243084                    /home/ray/.gradle/caches/modules-2/files-2.1/org.neo4j/neo4j-cluster/3.0.6/c385b39a413e7409a1286051f71e66669ac40899/neo4j-cluster-3.0.6.jar
7f6e34858000-7f6e34871000 r--s 0012c000 08:03 2360110                    /home/ray/.gradle/caches/modules-2/files-2.1/io.netty/netty/3.9.9.Final/58e0a7e7ff773f84d02d4f006ae9dd31ad22a0b1/netty-3.9.9.Final.jar
7f6e34871000-7f6e34874000 r--s 00016000 08:03 5243082                    /home/ray/.gradle/caches/modules-2/files-2.1/org.neo4j/neo4j-enterprise-kernel/3.0.6/afc5c9a9c27753f1db1347b8de8b1bad5526fa47/neo4j-enterprise-kernel-3.0.6.jar
7f6e34874000-7f6e3487d000 r--s 00051000 08:03 5113268                    /home/ray/.gradle/caches/modules-2/files-2.1/org.neo4j/neo4j-consistency-check/3.0.6/3af9de7f43a53c46bf85472d9cd41d14fe3ab432/neo4j-consistency-check-3.0.6.jar
7f6e3487d000-7f6e3487e000 r--s 0000a000 08:03 5113266                    /home/ray/.gradle/caches/modules-2/files-2.1/org.neo4j/neo4j-jmx/3.0.6/f1cd87be458be593e41006f22f8eeb25628a0a32/neo4j-jmx-3.0.6.jar
7f6e3487e000-7f6e34897000 r--s 000f3000 08:03 5113264                    /home/ray/.gradle/caches/modules-2/files-2.1/org.neo4j/neo4j-cypher/3.0.6/1792fc9cce1dcab41064fb55c625b9fc8326f667/neo4j-cypher-3.0.6.jar
7f6e34897000-7f6e34899000 r--s 0000c000 08:03 5113262                    /home/ray/.gradle/caches/modules-2/files-2.1/org.neo4j/neo4j-graph-matching/3.0.6/235c21db544b69423c9cbb76e697ad7023617ca0/neo4j-graph-matching-3.0.6.jar
7f6e34899000-7f6e3489b000 r--s 00008000 08:03 5113260                    /home/ray/.gradle/caches/modules-2/files-2.1/org.neo4j/neo4j-udc/3.0.6/2663b5abc9ab1e6ca47a8268a9b73b92802d0930/neo4j-udc-3.0.6.jar
7f6e3489b000-7f6e3489f000 r--s 00028000 08:03 5113258                    /home/ray/.gradle/caches/modules-2/files-2.1/org.neo4j/neo4j-graph-algo/3.0.6/45b5f90b02877b427dcb776e1660d14930ae1f02/neo4j-graph-algo-3.0.6.jar
7f6e3489f000-7f6e348a6000 r--s 00042000 08:03 5113256                    /home/ray/.gradle/caches/modules-2/files-2.1/org.neo4j/neo4j-lucene-index/3.0.6/856ca464b14d3f13d641cd6632560869aec0b27a/neo4j-lucene-index-3.0.6.jar
7f6e348a6000-7f6e348e7000 r--s 002af000 08:03 5113254                    /home/ray/.gradle/caches/modules-2/files-2.1/org.neo4j/neo4j-kernel/3.0.6/320aee8fb4f0a0d69bdec74b3074373e229db67d/neo4j-kernel-3.0.6.jar
7f6e348e7000-7f6e348ee000 r--s 0003c000 08:03 5377145                    /home/ray/.gradle/caches/modules-2/files-2.1/com.tinkerpop.blueprints/blueprints-core/2.6.0/b1b91206937f2ecc9096dfca8eb2c546cf987d46/blueprints-core-2.6.0.jar
7f6e348ee000-7f6e348fb000 r--s 00083000 08:03 5377143                    /home/ray/.gradle/caches/modules-2/files-2.1/commons-collections/commons-collections/3.2.2/8ad72fe39fa8c91eaaf12aadb21e0c3661fe26d5/commons-collections-3.2.2.jar
7f6e348fb000-7f6e34937000 r--s 0033b000 08:03 5377141                    /home/ray/.gradle/caches/modules-2/files-2.1/com.orientechnologies/orientdb-core/2.2.11/2d778dfbb9b236e7017b85a376d6f0506a953611/orientdb-core-2.2.11.jar
7f6e34937000-7f6e34975000 r--s 003de000 08:03 5374226                    /home/ray/.gradle/caches/modules-2/files-2.1/org.apache.cassandra/cassandra-all/2.1.9/9735d8e1ec823c5752a86d68d88300f6280916e0/cassandra-all-2.1.9.jar
7f6e34975000-7f6e34978000 ---p 00000000 00:00 0 
7f6e34978000-7f6e34a76000 rw-p 00000000 00:00 0 
7f6e34a76000-7f6e34a79000 ---p 00000000 00:00 0 
7f6e34a79000-7f6e34b77000 rw-p 00000000 00:00 0 
7f6e34b77000-7f6e34b7a000 ---p 00000000 00:00 0 
7f6e34b7a000-7f6e34c78000 rw-p 00000000 00:00 0 
7f6e34c78000-7f6e34c7c000 r-xp 00000000 08:03 9971722                    /usr/lib/jvm/java-8-openjdk/jre/lib/amd64/libdt_socket.so
7f6e34c7c000-7f6e34e7b000 ---p 00004000 08:03 9971722                    /usr/lib/jvm/java-8-openjdk/jre/lib/amd64/libdt_socket.so
7f6e34e7b000-7f6e34e7c000 rw-p 00003000 08:03 9971722                    /usr/lib/jvm/java-8-openjdk/jre/lib/amd64/libdt_socket.so
7f6e34e7c000-7f6e34e7f000 ---p 00000000 00:00 0 
7f6e34e7f000-7f6e34f7d000 rw-p 00000000 00:00 0 
7f6e34f7d000-7f6e34f80000 ---p 00000000 00:00 0 
7f6e34f80000-7f6e3507e000 rw-p 00000000 00:00 0 
7f6e3507e000-7f6e35081000 ---p 00000000 00:00 0 
7f6e35081000-7f6e3517f000 rw-p 00000000 00:00 0 
7f6e3517f000-7f6e35180000 ---p 00000000 00:00 0 
7f6e35180000-7f6e39000000 rw-p 00000000 00:00 0 
7f6e39000000-7f6e39600000 rwxp 00000000 00:00 0 
7f6e39600000-7f6e48000000 ---p 00000000 00:00 0 
7f6e48000000-7f6e492ad000 rw-p 00000000 00:00 0 
7f6e492ad000-7f6e4c000000 ---p 00000000 00:00 0 
7f6e4c000000-7f6e4c002000 r--s 0000b000 08:03 2621467                    /home/ray/.gradle/caches/modules-2/files-2.1/org.objenesis/objenesis/2.2/3fb533efdaa50a768c394aa4624144cf8df17845/objenesis-2.2.jar
7f6e4c002000-7f6e4c003000 r--s 00001000 08:03 5377249                    /home/ray/.gradle/caches/modules-2/files-2.1/com.esotericsoftware/minlog/1.3.0/ff07b5f1b01d2f92bb00a337f9a94873712f0827/minlog-1.3.0.jar
7f6e4c003000-7f6e4c005000 r--s 00004000 08:03 5377247                    /home/ray/.gradle/caches/modules-2/files-2.1/com.esotericsoftware/reflectasm/1.11.3/8b102eed2f12412b254946811111ea48bc03a266/reflectasm-1.11.3.jar
7f6e4c005000-7f6e4c008000 r--s 0001d000 08:03 5377139                    /home/ray/.gradle/caches/modules-2/files-2.1/com.orientechnologies/orientdb-tools/2.2.11/f82c5f216fea8ac3477ec1afd2fba8bf00f56b6/orientdb-tools-2.2.11.jar
7f6e4c008000-7f6e4c011000 r--s 00072000 08:03 5377137                    /home/ray/.gradle/caches/modules-2/files-2.1/com.orientechnologies/orientdb-server/2.2.11/b7b010ac87f79c73a944eb690a385b1a7df0ef9d/orientdb-server-2.2.11.jar
7f6e4c011000-7f6e4c01e000 r--s 000a6000 08:03 5376916                    /home/ray/.gradle/caches/modules-2/files-2.1/org.apache.httpcomponents/httpclient/4.5.1/7e3cecc566df91338c6c67883b89ddd05a17db43/httpclient-4.5.1.jar
7f6e4c01e000-7f6e4c023000 r--s 00034000 08:03 5376914                    /home/ray/.gradle/caches/modules-2/files-2.1/com.google.code.gson/gson/2.5/686c608d1805b6d4d425ec4459e88164ffc85870/gson-2.5.jar
7f6e4c023000-7f6e4c026000 r--s 00016000 08:03 5374236                    /home/ray/.gradle/caches/modules-2/files-2.1/com.netflix.astyanax/astyanax-recipes/3.8.0/71cf76ec6ffd6142f3e73101b9d6a4c35a67cd2f/astyanax-recipes-3.8.0.jar
7f6e4c026000-7f6e4c02b000 r--s 00031000 08:03 5374234                    /home/ray/.gradle/caches/modules-2/files-2.1/com.netflix.astyanax/astyanax-cassandra/3.8.0/8b9704784b34229faace4aa986d08b80dba6aac6/astyanax-cassandra-3.8.0.jar
7f6e4c02b000-7f6e4c030000 r--s 00036000 08:03 5374232                    /home/ray/.gradle/caches/modules-2/files-2.1/com.netflix.astyanax/astyanax-thrift/3.8.0/43264bab44de99c0ff63f5b1fbe6e34591f07c1b/astyanax-thrift-3.8.0.jar
7f6e4c030000-7f6e4c037000 r--s 0002f000 08:03 5374230                    /home/ray/.gradle/caches/modules-2/files-2.1/com.netflix.astyanax/astyanax-core/3.8.0/209a330c9856720b3ae8ccda8ccf819bc9cab362/astyanax-core-3.8.0.jar
7f6e4c037000-7f6e4c03a000 r--s 00019000 08:03 5374228                    /home/ray/.gradle/caches/modules-2/files-2.1/commons-pool/commons-pool/1.6/4572d589699f09d866a226a14b7f4323c6d8f040/commons-pool-1.6.jar
7f6e4c03a000-7f6e4c03f000 r--s 0002b000 08:03 5374224                    /home/ray/.gradle/caches/modules-2/files-2.1/com.carrotsearch.randomizedtesting/randomizedtesting-runner/2.0.8/5279738eb9e4e820aacbe8f7cb1120159592496b/randomizedtesting-runner-2.0.8.jar
7f6e4c03f000-7f6e4c045000 r--s 0003d000 08:03 5374222                    /home/ray/.gradle/caches/modules-2/files-2.1/ch.qos.logback/logback-classic/1.1.2/b316e9737eea25e9ddd6d88eaeee76878045c6b2/logback-classic-1.1.2.jar
7f6e4c045000-7f6e4c048000 r--s 0000f000 08:03 5374220                    /home/ray/.gradle/caches/modules-2/files-2.1/com.carrotsearch/junit-benchmarks/0.7.0/b345347a184b82c73c6f94eedbbd3b0d1dcf1fb/junit-benchmarks-0.7.0.jar
7f6e4c048000-7f6e4c04b000 r--s 00012000 08:03 5374218                    /home/ray/.gradle/caches/modules-2/files-2.1/com.codahale.metrics/metrics-core/3.0.1/1e98427c7f6e53363b598e2943e50903ce4f3657/metrics-core-3.0.1.jar
7f6e4c04b000-7f6e4c06b000 r--s 00164000 08:03 5374216                    /home/ray/.gradle/caches/modules-2/files-2.1/com.thinkaurelius.titan/titan-core/1.0.0/2e135f8669e79b8074bb73655725269b41e9fa76/titan-core-1.0.0.jar
7f6e4c06b000-7f6e4c06d000 r--s 0000d000 08:03 5243080                    /home/ray/.gradle/caches/modules-2/files-2.1/org.neo4j/neo4j-management/3.0.6/ba461467785b4597b335f5ac63162c8c597cf167/neo4j-management-3.0.6.jar
7f6e4c06d000-7f6e4c06f000 r--s 0000d000 08:03 5243078                    /home/ray/.gradle/caches/modules-2/files-2.1/org.neo4j/neo4j-metrics/3.0.6/d360c11e188474b11568b5da7d6c8d06d3df5e55/neo4j-metrics-3.0.6.jar
7f6e4c06f000-7f6e4c076000 r--s 00041000 08:03 5243076                    /home/ray/.gradle/caches/modules-2/files-2.1/org.neo4j/neo4j-ha/3.0.6/d114c03ff9bc19f9557478b2e99c6b6118379510/neo4j-ha-3.0.6.jar
7f6e4c076000-7f6e4c079000 r--s 0000f000 08:03 5243074                    /home/ray/.gradle/caches/modules-2/files-2.1/org.neo4j/neo4j-backup/3.0.6/ff0883d278b43c12a0b25a19aa74bc6fa136b5bc/neo4j-backup-3.0.6.jar
7f6e4c079000-7f6e4c07d000 r--s 0001f000 08:03 5243072                    /home/ray/.gradle/caches/modules-2/files-2.1/org.neo4j/neo4j-com/3.0.6/dd5d4002221e1f3b7c16bdf6302b4cd976ea24a5/neo4j-com-3.0.6.jar
7f6e4c07d000-7f6e4c07e000 r--s 00006000 08:03 5243070                    /home/ray/.gradle/caches/modules-2/files-2.1/org.neo4j/neo4j-query-logging/3.0.6/99000e2c483db631f4fd1834ecdea3c1955abf42/neo4j-query-logging-3.0.6.jar
7f6e4c07e000-7f6e4c07f000 r--s 00005000 08:03 5113252                    /home/ray/.gradle/caches/modules-2/files-2.1/org.neo4j/neo4j/3.0.6/2ba20126cfd85f8792a544189af5693aadf5114/neo4j-3.0.6.jar
7f6e4c07f000-7f6e4c080000 r--s 00004000 08:03 1704863                    /home/ray/.gradle/caches/modules-2/files-2.1/com.intellij/annotations/12.0/bbcf6448f6d40abe506e2c83b70a3e8bfd2b4539/annotations-12.0.jar
7f6e4c080000-7f6e4c088000 r--s 00048000 08:03 5377245                    /home/ray/.gradle/caches/modules-2/files-2.1/com.esotericsoftware/kryo/4.0.0/9f5c64c1315ec79bee0f56bb88e4ae94b65048ce/kryo-4.0.0.jar
7f6e4c088000-7f6e4c08c000 r--s 00019000 08:03 5377135                    /home/ray/.gradle/caches/modules-2/files-2.1/org.jboss.spec.javax.ws.rs/jboss-jaxrs-api_2.0_spec/1.0.0.Final/dbf29e00dee135ef537b94167aa08b883f4d4cbf/jboss-jaxrs-api_2.0_spec-1.0.0.Final.jar
7f6e4c08c000-7f6e4c091000 r--s 0004e000 08:03 5377133                    /home/ray/.gradle/caches/modules-2/files-2.1/com.orientechnologies/orientdb-graphdb/2.2.11/c2a899cc40fa4360b7e95f942df090c3175f3780/orientdb-graphdb-2.2.11.jar
7f6e4c091000-7f6e4c099000 r--s 0004e000 08:03 1444102                    /home/ray/.gradle/caches/modules-2/files-2.1/com.arangodb/arangodb-java-driver/3.0.0/e422b7d2daad7e253db67085af8804c446e02c52/arangodb-java-driver-3.0.0.jar
7f6e4c099000-7f6e4c09c000 r--s 0001a000 08:03 5374214                    /home/ray/.gradle/caches/modules-2/files-2.1/com.thinkaurelius.titan/titan-cassandra/1.0.0/30a754338ec2e02b99b523ca8c5dc617ab47171e/titan-cassandra-1.0.0.jar
7f6e4c09c000-7f6e4c09e000 r--s 00001000 08:03 5243271                    /home/ray/.gradle/caches/modules-2/files-2.1/org.slf4j/slf4j-jdk14/1.5.8/43cf9f93ebf7d2f05db73cd8a23f8735970b8e8e/slf4j-jdk14-1.5.8.jar
7f6e4c09e000-7f6e4c0c3000 r--s 001f4000 08:03 5243269                    /home/ray/.gradle/caches/modules-2/files-2.1/io.netty/netty-all/4.0.36.Final/ad89ee6584a9ea41152fae012e18e7fa818eab73/netty-all-4.0.36.Final.jar
7f6e4c0c3000-7f6e4c0c9000 r--s 00054000 08:03 1184440                    /home/ray/IdeaProjects/BAG - Byzantine fault-tolerant Architecture for Graph database/libs/BFT-SMaRt.jar
7f6e4c0c9000-7f6e4cfd8000 rw-p 00000000 00:00 0 
7f6e4cfd8000-7f6e4d1a6000 r--s 03bf0000 08:03 9970744                    /usr/lib/jvm/java-8-openjdk/jre/lib/rt.jar
7f6e4d1a6000-7f6e4ddf4000 rw-p 00000000 00:00 0 
7f6e4ddf4000-7f6e4ddf5000 ---p 00000000 00:00 0 
7f6e4ddf5000-7f6e4def5000 rw-p 00000000 00:00 0 
7f6e4def5000-7f6e4def6000 ---p 00000000 00:00 0 
7f6e4def6000-7f6e4dff6000 rw-p 00000000 00:00 0 
7f6e4dff6000-7f6e4dff7000 ---p 00000000 00:00 0 
7f6e4dff7000-7f6e4e0f7000 rw-p 00000000 00:00 0 
7f6e4e0f7000-7f6e4e0f8000 ---p 00000000 00:00 0 
7f6e4e0f8000-7f6e4e228000 rw-p 00000000 00:00 0 
7f6e4e228000-7f6e4e488000 ---p 00000000 00:00 0 
7f6e4e488000-7f6e4e4b8000 rw-p 00000000 00:00 0 
7f6e4e4b8000-7f6e4e718000 ---p 00000000 00:00 0 
7f6e4e718000-7f6e4e76c000 rw-p 00000000 00:00 0 
7f6e4e76c000-7f6e4e860000 ---p 00000000 00:00 0 
7f6e4e860000-7f6e4e879000 rw-p 00000000 00:00 0 
7f6e4e879000-7f6e4ec21000 ---p 00000000 00:00 0 
7f6e4ec21000-7f6e4ec29000 r-xp 00000000 08:03 9971711                    /usr/lib/jvm/java-8-openjdk/jre/lib/amd64/libzip.so
7f6e4ec29000-7f6e4ee28000 ---p 00008000 08:03 9971711                    /usr/lib/jvm/java-8-openjdk/jre/lib/amd64/libzip.so
7f6e4ee28000-7f6e4ee29000 rw-p 00007000 08:03 9971711                    /usr/lib/jvm/java-8-openjdk/jre/lib/amd64/libzip.so
7f6e4ee29000-7f6e4ee33000 r-xp 00000000 08:03 9180598                    /usr/lib/libnss_files-2.24.so
7f6e4ee33000-7f6e4f033000 ---p 0000a000 08:03 9180598                    /usr/lib/libnss_files-2.24.so
7f6e4f033000-7f6e4f034000 r--p 0000a000 08:03 9180598                    /usr/lib/libnss_files-2.24.so
7f6e4f034000-7f6e4f035000 rw-p 0000b000 08:03 9180598                    /usr/lib/libnss_files-2.24.so
7f6e4f035000-7f6e4f03b000 rw-p 00000000 00:00 0 
7f6e4f03b000-7f6e4f045000 r-xp 00000000 08:03 9971723                    /usr/lib/jvm/java-8-openjdk/jre/lib/amd64/libinstrument.so
7f6e4f045000-7f6e4f244000 ---p 0000a000 08:03 9971723                    /usr/lib/jvm/java-8-openjdk/jre/lib/amd64/libinstrument.so
7f6e4f244000-7f6e4f245000 rw-p 00009000 08:03 9971723                    /usr/lib/jvm/java-8-openjdk/jre/lib/amd64/libinstrument.so
7f6e4f245000-7f6e4f3dd000 r--p 00000000 08:03 9190994                    /usr/lib/locale/locale-archive
7f6e4f3dd000-7f6e4f3df000 r-xp 00000000 08:03 9971697                    /usr/lib/jvm/java-8-openjdk/jre/lib/amd64/libnpt.so
7f6e4f3df000-7f6e4f5df000 ---p 00002000 08:03 9971697                    /usr/lib/jvm/java-8-openjdk/jre/lib/amd64/libnpt.so
7f6e4f5df000-7f6e4f5e0000 rw-p 00002000 08:03 9971697                    /usr/lib/jvm/java-8-openjdk/jre/lib/amd64/libnpt.so
7f6e4f5e0000-7f6e4f61a000 r-xp 00000000 08:03 9971725                    /usr/lib/jvm/java-8-openjdk/jre/lib/amd64/libjdwp.so
7f6e4f61a000-7f6e4f819000 ---p 0003a000 08:03 9971725                    /usr/lib/jvm/java-8-openjdk/jre/lib/amd64/libjdwp.so
7f6e4f819000-7f6e4f81a000 rw-p 00039000 08:03 9971725                    /usr/lib/jvm/java-8-openjdk/jre/lib/amd64/libjdwp.so
7f6e4f81a000-7f6e4f81b000 rw-p 00000000 00:00 0 
7f6e4f81b000-7f6e4f847000 r-xp 00000000 08:03 9971707                    /usr/lib/jvm/java-8-openjdk/jre/lib/amd64/libjava.so
7f6e4f847000-7f6e4fa47000 ---p 0002c000 08:03 9971707                    /usr/lib/jvm/java-8-openjdk/jre/lib/amd64/libjava.so
7f6e4fa47000-7f6e4fa49000 rw-p 0002c000 08:03 9971707                    /usr/lib/jvm/java-8-openjdk/jre/lib/amd64/libjava.so
7f6e4fa49000-7f6e4fa56000 r-xp 00000000 08:03 9971695                    /usr/lib/jvm/java-8-openjdk/jre/lib/amd64/libverify.so
7f6e4fa56000-7f6e4fc55000 ---p 0000d000 08:03 9971695                    /usr/lib/jvm/java-8-openjdk/jre/lib/amd64/libverify.so
7f6e4fc55000-7f6e4fc57000 rw-p 0000c000 08:03 9971695                    /usr/lib/jvm/java-8-openjdk/jre/lib/amd64/libverify.so
7f6e4fc57000-7f6e4fc5e000 r-xp 00000000 08:03 9180627                    /usr/lib/librt-2.24.so
7f6e4fc5e000-7f6e4fe5d000 ---p 00007000 08:03 9180627                    /usr/lib/librt-2.24.so
7f6e4fe5d000-7f6e4fe5e000 r--p 00006000 08:03 9180627                    /usr/lib/librt-2.24.so
7f6e4fe5e000-7f6e4fe5f000 rw-p 00007000 08:03 9180627                    /usr/lib/librt-2.24.so
7f6e4fe5f000-7f6e4ff62000 r-xp 00000000 08:03 9180615                    /usr/lib/libm-2.24.so
7f6e4ff62000-7f6e50161000 ---p 00103000 08:03 9180615                    /usr/lib/libm-2.24.so
7f6e50161000-7f6e50162000 r--p 00102000 08:03 9180615                    /usr/lib/libm-2.24.so
7f6e50162000-7f6e50163000 rw-p 00103000 08:03 9180615                    /usr/lib/libm-2.24.so
7f6e50163000-7f6e50dc3000 r-xp 00000000 08:03 9977273                    /usr/lib/jvm/java-8-openjdk/jre/lib/amd64/server/libjvm.so
7f6e50dc3000-7f6e50fc3000 ---p 00c60000 08:03 9977273                    /usr/lib/jvm/java-8-openjdk/jre/lib/amd64/server/libjvm.so
7f6e50fc3000-7f6e5107f000 rw-p 00c60000 08:03 9977273                    /usr/lib/jvm/java-8-openjdk/jre/lib/amd64/server/libjvm.so
7f6e5107f000-7f6e510af000 rw-p 00000000 00:00 0 
7f6e510af000-7f6e51244000 r-xp 00000000 08:03 9180169                    /usr/lib/libc-2.24.so
7f6e51244000-7f6e51443000 ---p 00195000 08:03 9180169                    /usr/lib/libc-2.24.so
7f6e51443000-7f6e51447000 r--p 00194000 08:03 9180169                    /usr/lib/libc-2.24.so
7f6e51447000-7f6e51449000 rw-p 00198000 08:03 9180169                    /usr/lib/libc-2.24.so
7f6e51449000-7f6e5144d000 rw-p 00000000 00:00 0 
7f6e5144d000-7f6e5144f000 r-xp 00000000 08:03 9180613                    /usr/lib/libdl-2.24.so
7f6e5144f000-7f6e5164f000 ---p 00002000 08:03 9180613                    /usr/lib/libdl-2.24.so
7f6e5164f000-7f6e51650000 r--p 00002000 08:03 9180613                    /usr/lib/libdl-2.24.so
7f6e51650000-7f6e51651000 rw-p 00003000 08:03 9180613                    /usr/lib/libdl-2.24.so
7f6e51651000-7f6e5165e000 r-xp 00000000 08:03 9977270                    /usr/lib/jvm/java-8-openjdk/jre/lib/amd64/jli/libjli.so
7f6e5165e000-7f6e5185d000 ---p 0000d000 08:03 9977270                    /usr/lib/jvm/java-8-openjdk/jre/lib/amd64/jli/libjli.so
7f6e5185d000-7f6e5185e000 rw-p 0000c000 08:03 9977270                    /usr/lib/jvm/java-8-openjdk/jre/lib/amd64/jli/libjli.so
7f6e5185e000-7f6e51873000 r-xp 00000000 08:03 9180775                    /usr/lib/libz.so.1.2.8
7f6e51873000-7f6e51a72000 ---p 00015000 08:03 9180775                    /usr/lib/libz.so.1.2.8
7f6e51a72000-7f6e51a73000 r--p 00014000 08:03 9180775                    /usr/lib/libz.so.1.2.8
7f6e51a73000-7f6e51a74000 rw-p 00015000 08:03 9180775                    /usr/lib/libz.so.1.2.8
7f6e51a74000-7f6e51a8c000 r-xp 00000000 08:03 9180146                    /usr/lib/libpthread-2.24.so
7f6e51a8c000-7f6e51c8b000 ---p 00018000 08:03 9180146                    /usr/lib/libpthread-2.24.so
7f6e51c8b000-7f6e51c8c000 r--p 00017000 08:03 9180146                    /usr/lib/libpthread-2.24.so
7f6e51c8c000-7f6e51c8d000 rw-p 00018000 08:03 9180146                    /usr/lib/libpthread-2.24.so
7f6e51c8d000-7f6e51c91000 rw-p 00000000 00:00 0 
7f6e51c91000-7f6e51cb4000 r-xp 00000000 08:03 9180168                    /usr/lib/ld-2.24.so
7f6e51cb4000-7f6e51cb5000 r--s 00005000 08:03 5243068                    /home/ray/.gradle/caches/modules-2/files-2.1/org.neo4j/neo4j-enterprise/3.0.6/b30c5ecb7e4e26526b267fc0393adf4237d041d3/neo4j-enterprise-3.0.6.jar
7f6e51cb5000-7f6e51cc8000 r--s 00346000 08:03 9970743                    /usr/lib/jvm/java-8-openjdk/jre/lib/resources.jar
7f6e51cc8000-7f6e51ccc000 r--s 00097000 08:03 9970741                    /usr/lib/jvm/java-8-openjdk/jre/lib/jsse.jar
7f6e51ccc000-7f6e51cd1000 r--s 002f9000 08:03 9970678                    /usr/lib/jvm/java-8-openjdk/jre/lib/charsets.jar
7f6e51cd1000-7f6e51d79000 rw-p 00000000 00:00 0 
7f6e51d79000-7f6e51d7c000 ---p 00000000 00:00 0 
7f6e51d7c000-7f6e51e7c000 rw-p 00000000 00:00 0 
7f6e51e7c000-7f6e51e7d000 r--s 00000000 08:03 9970677                    /usr/lib/jvm/java-8-openjdk/jre/lib/management-agent.jar
7f6e51e7d000-7f6e51e80000 r--s 00015000 08:03 9970675                    /usr/lib/jvm/java-8-openjdk/jre/lib/jce.jar
7f6e51e80000-7f6e51ea7000 rw-p 00000000 00:00 0 
7f6e51ea7000-7f6e51eaf000 rw-s 00000000 00:25 39                         /tmp/hsperfdata_ray/3770
7f6e51eaf000-7f6e51eb0000 rw-p 00000000 00:00 0 
7f6e51eb0000-7f6e51eb1000 r--p 00000000 00:00 0 
7f6e51eb1000-7f6e51eb3000 rw-p 00000000 00:00 0 
7f6e51eb3000-7f6e51eb4000 r--p 00022000 08:03 9180168                    /usr/lib/ld-2.24.so
7f6e51eb4000-7f6e51eb5000 rw-p 00023000 08:03 9180168                    /usr/lib/ld-2.24.so
7f6e51eb5000-7f6e51eb6000 rw-p 00000000 00:00 0 
7ffe0b36c000-7ffe0b393000 rw-p 00000000 00:00 0                          [stack]
7ffe0b3ae000-7ffe0b3b0000 r--p 00000000 00:00 0                          [vvar]
7ffe0b3b0000-7ffe0b3b2000 r-xp 00000000 00:00 0                          [vdso]
ffffffffff600000-ffffffffff601000 r-xp 00000000 00:00 0                  [vsyscall]

VM Arguments:
jvm_args: -agentlib:jdwp=transport=dt_socket,address=127.0.0.1:43988,suspend=y,server=n -javaagent:/usr/share/intellijidea-ce/plugins/Groovy/lib/agent/gragent.jar -Dfile.encoding=UTF-8 
java_command: main.java.com.bag.main.RunTests
java_class_path (initial): /usr/lib/jvm/java-8-openjdk/jre/lib/charsets.jar:/usr/lib/jvm/java-8-openjdk/jre/lib/ext/cldrdata.jar:/usr/lib/jvm/java-8-openjdk/jre/lib/ext/dnsns.jar:/usr/lib/jvm/java-8-openjdk/jre/lib/ext/jaccess.jar:/usr/lib/jvm/java-8-openjdk/jre/lib/ext/localedata.jar:/usr/lib/jvm/java-8-openjdk/jre/lib/ext/nashorn.jar:/usr/lib/jvm/java-8-openjdk/jre/lib/ext/sunec.jar:/usr/lib/jvm/java-8-openjdk/jre/lib/ext/sunjce_provider.jar:/usr/lib/jvm/java-8-openjdk/jre/lib/ext/sunpkcs11.jar:/usr/lib/jvm/java-8-openjdk/jre/lib/ext/zipfs.jar:/usr/lib/jvm/java-8-openjdk/jre/lib/jce.jar:/usr/lib/jvm/java-8-openjdk/jre/lib/jsse.jar:/usr/lib/jvm/java-8-openjdk/jre/lib/management-agent.jar:/usr/lib/jvm/java-8-openjdk/jre/lib/resources.jar:/usr/lib/jvm/java-8-openjdk/jre/lib/rt.jar:/home/ray/IdeaProjects/BAG - Byzantine fault-tolerant Architecture for Graph database/build/classes/main:/home/ray/IdeaProjects/BAG - Byzantine fault-tolerant Architecture for Graph database/libs/BFT-SMaRt.jar:/home/ray/.gradle/caches/modules-2/files-2.1/org.neo4j/neo4j-enterprise/3.0.6/b30c5ecb7e4e26526b267fc0393adf4237d041d3/neo4j-enterprise-3.0.6.jar:/home/ray/.gradle/caches/modules-2/files-2.1/io.netty/netty-all/4.0.36.Final/ad89ee6584a9ea41152fae012e18e7fa818eab73/netty-all-4.0.36.Final.jar:/home/ray/.gradle/caches/modules-2/files-2.1/org.slf4j/slf4j-jdk14/1.5.8/43cf9f93ebf7d2f05db73cd8a23f8735970b8e8e/slf4j-jdk14-1.5.8.jar:/home/ray/.gradle/caches/modules-2/files-2.1/com.thinkaurelius.titan/titan-cassandra/1.0.0/30a754338ec2e02b99b523ca8c5dc617ab47171e/titan-cassandra-1.0.0.jar:/home/ray/.gradle/caches/modules-2/files-2.1/com.arangodb/arangodb-java-driver/3.0.0/e422b7d2daad7e253db67085af8804c446e02c52/arangodb-java-driver-3.0.0.jar:/home/ray/.gradle/caches/modules-2/files-2.1/com.orientechnologies/orientdb-graphdb/2.2.11/c2a899cc40fa4360b7e95f942df090c3175f3780/orientdb-graphdb-2.2.11.jar:/home/ray/.gradle/caches/modules-2/files-2.1/org.jboss.spec.javax.ws.rs/jboss-jaxrs-api_2.0_spe
Launcher Type: SUN_STANDARD

Environment Variables:
PATH=/usr/local/sbin:/usr/local/bin:/usr/bin:/usr/lib/jvm/default/bin:/usr/bin/site_perl:/usr/bin/vendor_perl:/usr/bin/core_perl
LD_LIBRARY_PATH=.:
SHELL=/bin/bash
DISPLAY=:0.0

Signal Handlers:
SIGSEGV: [libjvm.so+0xa64890], sa_mask[0]=11111111011111111101111111111110, sa_flags=SA_RESTART|SA_SIGINFO
SIGBUS: [libjvm.so+0xa64890], sa_mask[0]=11111111011111111101111111111110, sa_flags=SA_RESTART|SA_SIGINFO
SIGFPE: [libjvm.so+0x8afab0], sa_mask[0]=11111111011111111101111111111110, sa_flags=SA_RESTART|SA_SIGINFO
SIGPIPE: [libjvm.so+0x8afab0], sa_mask[0]=11111111011111111101111111111110, sa_flags=SA_RESTART|SA_SIGINFO
SIGXFSZ: [libjvm.so+0x8afab0], sa_mask[0]=11111111011111111101111111111110, sa_flags=SA_RESTART|SA_SIGINFO
SIGILL: [libjvm.so+0x8afab0], sa_mask[0]=11111111011111111101111111111110, sa_flags=SA_RESTART|SA_SIGINFO
SIGUSR1: SIG_DFL, sa_mask[0]=00000000000000000000000000000000, sa_flags=none
SIGUSR2: [libjvm.so+0x8af960], sa_mask[0]=00100000000000000000000000000000, sa_flags=SA_RESTART|SA_SIGINFO
SIGHUP: [libjvm.so+0x8afe10], sa_mask[0]=11111111011111111101111111111110, sa_flags=SA_RESTART|SA_SIGINFO
SIGINT: [libjvm.so+0x8afe10], sa_mask[0]=11111111011111111101111111111110, sa_flags=SA_RESTART|SA_SIGINFO
SIGTERM: [libjvm.so+0x8afe10], sa_mask[0]=11111111011111111101111111111110, sa_flags=SA_RESTART|SA_SIGINFO
SIGQUIT: [libjvm.so+0x8afe10], sa_mask[0]=11111111011111111101111111111110, sa_flags=SA_RESTART|SA_SIGINFO


---------------  S Y S T E M  ---------------

OS:DISTRIB_ID=ManjaroLinux
DISTRIB_RELEASE=16.08
DISTRIB_CODENAME=Ellada
DISTRIB_DESCRIPTION="Manjaro Linux"

uname:Linux 4.4.24-1-MANJARO #1 SMP PREEMPT Sat Oct 8 07:49:12 UTC 2016 x86_64
libc:glibc 2.24 NPTL 2.24 
rlimit: STACK 8192k, CORE infinity, NPROC 31163, NOFILE 4096, AS infinity
load average:0.94 1.34 0.81

/proc/meminfo:
MemTotal:        8056652 kB
MemFree:         2325004 kB
MemAvailable:    3709648 kB
Buffers:          192608 kB
Cached:          1688560 kB
SwapCached:            0 kB
Active:          4212492 kB
Inactive:        1220964 kB
Active(anon):    3559116 kB
Inactive(anon):   391256 kB
Active(file):     653376 kB
Inactive(file):   829708 kB
Unevictable:         252 kB
Mlocked:             252 kB
SwapTotal:       8055968 kB
SwapFree:        8055968 kB
Dirty:             12036 kB
Writeback:             0 kB
AnonPages:       3552584 kB
Mapped:           643660 kB
Shmem:            398088 kB
Slab:             174640 kB
SReclaimable:     141008 kB
SUnreclaim:        33632 kB
KernelStack:       12128 kB
PageTables:        41428 kB
NFS_Unstable:          0 kB
Bounce:                0 kB
WritebackTmp:          0 kB
CommitLimit:    12084292 kB
Committed_AS:    9130744 kB
VmallocTotal:   34359738367 kB
VmallocUsed:           0 kB
VmallocChunk:          0 kB
HardwareCorrupted:     0 kB
AnonHugePages:   1099776 kB
HugePages_Total:       0
HugePages_Free:        0
HugePages_Rsvd:        0
HugePages_Surp:        0
Hugepagesize:       2048 kB
DirectMap4k:      130812 kB
DirectMap2M:     8134656 kB


CPU:total 4 (2 cores per cpu, 2 threads per core) family 6 model 58 stepping 9, cmov, cx8, fxsr, mmx, sse, sse2, sse3, ssse3, sse4.1, sse4.2, popcnt, avx, aes, clmul, erms, ht, tsc, tscinvbit, tscinv

/proc/cpuinfo:
processor	: 0
vendor_id	: GenuineIntel
cpu family	: 6
model		: 58
model name	: Intel(R) Core(TM) i7-3537U CPU @ 2.00GHz
stepping	: 9
microcode	: 0x1c
cpu MHz		: 2729.687
cache size	: 4096 KB
physical id	: 0
siblings	: 4
core id		: 0
cpu cores	: 2
apicid		: 0
initial apicid	: 0
fpu		: yes
fpu_exception	: yes
cpuid level	: 13
wp		: yes
flags		: fpu vme de pse tsc msr pae mce cx8 apic sep mtrr pge mca cmov pat pse36 clflush dts acpi mmx fxsr sse sse2 ss ht tm pbe syscall nx rdtscp lm constant_tsc arch_perfmon pebs bts rep_good nopl xtopology nonstop_tsc aperfmperf eagerfpu pni pclmulqdq dtes64 monitor ds_cpl vmx est tm2 ssse3 cx16 xtpr pdcm pcid sse4_1 sse4_2 x2apic popcnt tsc_deadline_timer aes xsave avx f16c rdrand lahf_lm ida arat epb pln pts dtherm tpr_shadow vnmi flexpriority ept vpid fsgsbase smep erms xsaveopt
bugs		:
bogomips	: 4990.45
clflush size	: 64
cache_alignment	: 64
address sizes	: 36 bits physical, 48 bits virtual
power management:

processor	: 1
vendor_id	: GenuineIntel
cpu family	: 6
model		: 58
model name	: Intel(R) Core(TM) i7-3537U CPU @ 2.00GHz
stepping	: 9
microcode	: 0x1c
cpu MHz		: 2336.230
cache size	: 4096 KB
physical id	: 0
siblings	: 4
core id		: 0
cpu cores	: 2
apicid		: 1
initial apicid	: 1
fpu		: yes
fpu_exception	: yes
cpuid level	: 13
wp		: yes
flags		: fpu vme de pse tsc msr pae mce cx8 apic sep mtrr pge mca cmov pat pse36 clflush dts acpi mmx fxsr sse sse2 ss ht tm pbe syscall nx rdtscp lm constant_tsc arch_perfmon pebs bts rep_good nopl xtopology nonstop_tsc aperfmperf eagerfpu pni pclmulqdq dtes64 monitor ds_cpl vmx est tm2 ssse3 cx16 xtpr pdcm pcid sse4_1 sse4_2 x2apic popcnt tsc_deadline_timer aes xsave avx f16c rdrand lahf_lm ida arat epb pln pts dtherm tpr_shadow vnmi flexpriority ept vpid fsgsbase smep erms xsaveopt
bugs		:
bogomips	: 4990.45
clflush size	: 64
cache_alignment	: 64
address sizes	: 36 bits physical, 48 bits virtual
power management:

processor	: 2
vendor_id	: GenuineIntel
cpu family	: 6
model		: 58
model name	: Intel(R) Core(TM) i7-3537U CPU @ 2.00GHz
stepping	: 9
microcode	: 0x1c
cpu MHz		: 2208.007
cache size	: 4096 KB
physical id	: 0
siblings	: 4
core id		: 1
cpu cores	: 2
apicid		: 2
initial apicid	: 2
fpu		: yes
fpu_exception	: yes
cpuid level	: 13
wp		: yes
flags		: fpu vme de pse tsc msr pae mce cx8 apic sep mtrr pge mca cmov pat pse36 clflush dts acpi mmx fxsr sse sse2 ss ht tm pbe syscall nx rdtscp lm constant_tsc arch_perfmon pebs bts rep_good nopl xtopology nonstop_tsc aperfmperf eagerfpu pni pclmulqdq dtes64 monitor ds_cpl vmx est tm2 ssse3 cx16 xtpr pdcm pcid sse4_1 sse4_2 x2apic popcnt tsc_deadline_timer aes xsave avx f16c rdrand lahf_lm ida arat epb pln pts dtherm tpr_shadow vnmi flexpriority ept vpid fsgsbase smep erms xsaveopt
bugs		:
bogomips	: 4990.45
clflush size	: 64
cache_alignment	: 64
address sizes	: 36 bits physical, 48 bits virtual
power management:

processor	: 3
vendor_id	: GenuineIntel
cpu family	: 6
model		: 58
model name	: Intel(R) Core(TM) i7-3537U CPU @ 2.00GHz
stepping	: 9
microcode	: 0x1c
cpu MHz		: 2201.757
cache size	: 4096 KB
physical id	: 0
siblings	: 4
core id		: 1
cpu cores	: 2
apicid		: 3
initial apicid	: 3
fpu		: yes
fpu_exception	: yes
cpuid level	: 13
wp		: yes
flags		: fpu vme de pse tsc msr pae mce cx8 apic sep mtrr pge mca cmov pat pse36 clflush dts acpi mmx fxsr sse sse2 ss ht tm pbe syscall nx rdtscp lm constant_tsc arch_perfmon pebs bts rep_good nopl xtopology nonstop_tsc aperfmperf eagerfpu pni pclmulqdq dtes64 monitor ds_cpl vmx est tm2 ssse3 cx16 xtpr pdcm pcid sse4_1 sse4_2 x2apic popcnt tsc_deadline_timer aes xsave avx f16c rdrand lahf_lm ida arat epb pln pts dtherm tpr_shadow vnmi flexpriority ept vpid fsgsbase smep erms xsaveopt
bugs		:
bogomips	: 4990.45
clflush size	: 64
cache_alignment	: 64
address sizes	: 36 bits physical, 48 bits virtual
power management:



Memory: 4k page, physical 8056652k(2325004k free), swap 8055968k(8055968k free)

vm_info: OpenJDK 64-Bit Server VM (25.102-b14) for linux-amd64 JRE (1.8.0_102-b14), built on Jul 27 2016 07:46:42 by "builduser" with gcc 6.1.1 20160707

time: Mon Oct 17 07:05:24 2016
elapsed time: 17 seconds (0d 0h 0m 17s)

